VirtualBox 4.1.2_Ubuntu r38459 linux.amd64 (Sep  2 2011 15:10:25) release log
00:00:00.560 Log opened 2012-03-05T20:44:33.852789000Z
00:00:00.560 OS Product: Linux
00:00:00.560 OS Release: 3.0.0-16-generic
00:00:00.560 OS Version: #28-Ubuntu SMP Fri Jan 27 17:44:39 UTC 2012
00:00:00.560 DMI Product Name: HP Pavilion dv6 Notebook PC
00:00:00.560 DMI Product Version: 039F200000241210000020000
00:00:00.561 Host RAM: 3954MB RAM, available: 3475MB
00:00:00.561 Executable: /usr/lib/virtualbox/VirtualBox
00:00:00.561 Process ID: 2538
00:00:00.561 Package type: LINUX_64BITS_GENERIC (OSE)
00:00:00.613 Installed Extension Packs:
00:00:00.613   None installed!
00:00:00.618 SUP: Loaded VMMR0.r0 (/usr/lib/virtualbox/VMMR0.r0) at 0xffffffffa0515080 - ModuleInit at ffffffffa052a0a0 and ModuleTerm at ffffffffa052a130
00:00:00.618 SUP: VMMR0EntryEx located at ffffffffa052b2d0, VMMR0EntryFast at ffffffffa052b050 and VMMR0EntryInt at ffffffffa052b040
00:00:00.642 Using XKB for keycode to scan code conversion
00:00:00.656 File system of '/home/saratt/VirtualBox VMs/saasbook/Snapshots' (snapshots) is ext4
00:00:00.656 File system of '/home/saratt/Documents/cs169/vm-0.8.0-0.8.1.vdi' is ext4
00:00:00.690 VBoxSharedClipboard mode: Bidirectional
00:00:00.693 ************************* CFGM dump *************************
00:00:00.693 [/] (level 0)
00:00:00.693   CSAMEnabled     <integer> = 0x0000000000000001 (1)
00:00:00.693   CpuExecutionCap <integer> = 0x0000000000000064 (100)
00:00:00.693   EnablePAE       <integer> = 0x0000000000000000 (0)
00:00:00.693   HwVirtExtForced <integer> = 0x0000000000000000 (0)
00:00:00.693   MemBalloonSize  <integer> = 0x0000000000000000 (0)
00:00:00.693   Name            <string>  = "saasbook" (cb=9)
00:00:00.693   NumCPUs         <integer> = 0x0000000000000001 (1)
00:00:00.693   PATMEnabled     <integer> = 0x0000000000000001 (1)
00:00:00.693   PageFusion      <integer> = 0x0000000000000000 (0)
00:00:00.693   RamHoleSize     <integer> = 0x0000000020000000 (536870912)
00:00:00.693   RamSize         <integer> = 0x00000000a9c00000 (2847932416)
00:00:00.693   RawR0Enabled    <integer> = 0x0000000000000001 (1)
00:00:00.693   RawR3Enabled    <integer> = 0x0000000000000001 (1)
00:00:00.693   TimerMillies    <integer> = 0x000000000000000a (10)
00:00:00.693   UUID            <bytes>   = "3f 90 d8 16 50 60 99 4e 9c b4 7b fd d1 3e 96 8e" (cb=16)
00:00:00.693 
00:00:00.693 [/CPUM/] (level 1)
00:00:00.693   SyntheticCpu <integer> = 0x0000000000000000 (0)
00:00:00.693 
00:00:00.693 [/Devices/] (level 1)
00:00:00.693 
00:00:00.693 [/Devices/8237A/] (level 2)
00:00:00.693 
00:00:00.693 [/Devices/8237A/0/] (level 3)
00:00:00.693   Trusted <integer> = 0x0000000000000001 (1)
00:00:00.693 
00:00:00.693 [/Devices/AudioSniffer/] (level 2)
00:00:00.693 
00:00:00.693 [/Devices/AudioSniffer/0/] (level 3)
00:00:00.693 
00:00:00.693 [/Devices/AudioSniffer/0/Config/] (level 4)
00:00:00.693 
00:00:00.693 [/Devices/AudioSniffer/0/LUN#0/] (level 4)
00:00:00.693   Driver <string>  = "MainAudioSniffer" (cb=17)
00:00:00.693 
00:00:00.693 [/Devices/AudioSniffer/0/LUN#0/Config/] (level 5)
00:00:00.693   Object <integer> = 0x00007f731c0189f0 (140132367829488)
00:00:00.693 
00:00:00.693 [/Devices/VMMDev/] (level 2)
00:00:00.693 
00:00:00.693 [/Devices/VMMDev/0/] (level 3)
00:00:00.693   PCIBusNo      <integer> = 0x0000000000000000 (0)
00:00:00.693   PCIDeviceNo   <integer> = 0x0000000000000004 (4)
00:00:00.693   PCIFunctionNo <integer> = 0x0000000000000000 (0)
00:00:00.693   Trusted       <integer> = 0x0000000000000001 (1)
00:00:00.693 
00:00:00.693 [/Devices/VMMDev/0/Config/] (level 4)
00:00:00.693   GuestCoreDumpDir <string>  = "/home/saratt/VirtualBox VMs/saasbook/Snapshots" (cb=47)
00:00:00.693   RamSize          <integer> = 0x00000000a9c00000 (2847932416)
00:00:00.693 
00:00:00.693 [/Devices/VMMDev/0/LUN#0/] (level 4)
00:00:00.693   Driver <string>  = "HGCM" (cb=5)
00:00:00.693 
00:00:00.693 [/Devices/VMMDev/0/LUN#0/Config/] (level 5)
00:00:00.693   Object <integer> = 0x0000000000a5e5d0 (10872272)
00:00:00.693 
00:00:00.693 [/Devices/VMMDev/0/LUN#999/] (level 4)
00:00:00.693   Driver <string>  = "MainStatus" (cb=11)
00:00:00.693 
00:00:00.693 [/Devices/VMMDev/0/LUN#999/Config/] (level 5)
00:00:00.693   First   <integer> = 0x0000000000000000 (0)
00:00:00.693   Last    <integer> = 0x0000000000000000 (0)
00:00:00.693   papLeds <integer> = 0x00007f731c015cd0 (140132367817936)
00:00:00.693 
00:00:00.693 [/Devices/acpi/] (level 2)
00:00:00.693 
00:00:00.693 [/Devices/acpi/0/] (level 3)
00:00:00.693   PCIBusNo      <integer> = 0x0000000000000000 (0)
00:00:00.693   PCIDeviceNo   <integer> = 0x0000000000000007 (7)
00:00:00.693   PCIFunctionNo <integer> = 0x0000000000000000 (0)
00:00:00.693   Trusted       <integer> = 0x0000000000000001 (1)
00:00:00.693 
00:00:00.693 [/Devices/acpi/0/Config/] (level 4)
00:00:00.693   CpuHotPlug        <integer> = 0x0000000000000000 (0)
00:00:00.693   FdcEnabled        <integer> = 0x0000000000000000 (0)
00:00:00.693   HostBusPciAddress <integer> = 0x0000000000000000 (0)
00:00:00.693   HpetEnabled       <integer> = 0x0000000000000000 (0)
00:00:00.693   IOAPIC            <integer> = 0x0000000000000000 (0)
00:00:00.693   IocPciAddress     <integer> = 0x0000000000010000 (65536)
00:00:00.693   NumCPUs           <integer> = 0x0000000000000001 (1)
00:00:00.693   RamHoleSize       <integer> = 0x0000000020000000 (536870912)
00:00:00.693   RamSize           <integer> = 0x00000000a9c00000 (2847932416)
00:00:00.693   Serial0IoPortBase <integer> = 0x0000000000000000 (0)
00:00:00.693   Serial0Irq        <integer> = 0x0000000000000000 (0)
00:00:00.693   Serial1IoPortBase <integer> = 0x0000000000000000 (0)
00:00:00.693   Serial1Irq        <integer> = 0x0000000000000000 (0)
00:00:00.693   ShowCpu           <integer> = 0x0000000000000000 (0)
00:00:00.693   ShowRtc           <integer> = 0x0000000000000000 (0)
00:00:00.693   SmcEnabled        <integer> = 0x0000000000000000 (0)
00:00:00.693 
00:00:00.693 [/Devices/acpi/0/LUN#0/] (level 4)
00:00:00.693   Driver <string>  = "ACPIHost" (cb=9)
00:00:00.693 
00:00:00.693 [/Devices/acpi/0/LUN#0/Config/] (level 5)
00:00:00.693 
00:00:00.693 [/Devices/ahci/] (level 2)
00:00:00.693 
00:00:00.693 [/Devices/ahci/0/] (level 3)
00:00:00.693   PCIBusNo      <integer> = 0x0000000000000000 (0)
00:00:00.693   PCIDeviceNo   <integer> = 0x000000000000000d (13)
00:00:00.693   PCIFunctionNo <integer> = 0x0000000000000000 (0)
00:00:00.693   Trusted       <integer> = 0x0000000000000001 (1)
00:00:00.694 
00:00:00.694 [/Devices/ahci/0/Config/] (level 4)
00:00:00.694   Bootable        <integer> = 0x0000000000000001 (1)
00:00:00.694   PortCount       <integer> = 0x0000000000000001 (1)
00:00:00.694   PrimaryMaster   <integer> = 0x0000000000000000 (0)
00:00:00.694   PrimarySlave    <integer> = 0x0000000000000001 (1)
00:00:00.694   SecondaryMaster <integer> = 0x0000000000000002 (2)
00:00:00.694   SecondarySlave  <integer> = 0x0000000000000003 (3)
00:00:00.694 
00:00:00.694 [/Devices/ahci/0/Config/Port0/] (level 5)
00:00:00.694   NonRotationalMedium <integer> = 0x0000000000000000 (0)
00:00:00.694 
00:00:00.694 [/Devices/ahci/0/LUN#0/] (level 4)
00:00:00.694   Driver <string>  = "Block" (cb=6)
00:00:00.694 
00:00:00.694 [/Devices/ahci/0/LUN#0/AttachedDriver/] (level 5)
00:00:00.694   Driver <string>  = "VD" (cb=3)
00:00:00.694 
00:00:00.694 [/Devices/ahci/0/LUN#0/AttachedDriver/Config/] (level 6)
00:00:00.694   BlockCache <integer> = 0x0000000000000001 (1)
00:00:00.694   Format     <string>  = "VDI" (cb=4)
00:00:00.694   Path       <string>  = "/home/saratt/Documents/cs169/vm-0.8.0-0.8.1.vdi" (cb=48)
00:00:00.694   Type       <string>  = "HardDisk" (cb=9)
00:00:00.694   UseNewIo   <integer> = 0x0000000000000001 (1)
00:00:00.694 
00:00:00.694 [/Devices/ahci/0/LUN#0/Config/] (level 5)
00:00:00.694   Mountable <integer> = 0x0000000000000000 (0)
00:00:00.694   Type      <string>  = "HardDisk" (cb=9)
00:00:00.694 
00:00:00.694 [/Devices/ahci/0/LUN#999/] (level 4)
00:00:00.694   Driver <string>  = "MainStatus" (cb=11)
00:00:00.694 
00:00:00.694 [/Devices/ahci/0/LUN#999/Config/] (level 5)
00:00:00.694   DeviceInstance        <string>  = "ahci/0" (cb=7)
00:00:00.694   First                 <integer> = 0x0000000000000000 (0)
00:00:00.694   Last                  <integer> = 0x0000000000000000 (0)
00:00:00.694   pConsole              <integer> = 0x00007f731c0157e0 (140132367816672)
00:00:00.694   papLeds               <integer> = 0x00007f731c015ae0 (140132367817440)
00:00:00.694   pmapMediumAttachments <integer> = 0x00007f731c015ce8 (140132367817960)
00:00:00.694 
00:00:00.694 [/Devices/apic/] (level 2)
00:00:00.694 
00:00:00.694 [/Devices/apic/0/] (level 3)
00:00:00.694   Trusted <integer> = 0x0000000000000001 (1)
00:00:00.694 
00:00:00.694 [/Devices/apic/0/Config/] (level 4)
00:00:00.694   IOAPIC  <integer> = 0x0000000000000000 (0)
00:00:00.694   NumCPUs <integer> = 0x0000000000000001 (1)
00:00:00.694 
00:00:00.694 [/Devices/e1000/] (level 2)
00:00:00.694 
00:00:00.694 [/Devices/e1000/0/] (level 3)
00:00:00.694   PCIBusNo      <integer> = 0x0000000000000000 (0)
00:00:00.694   PCIDeviceNo   <integer> = 0x0000000000000003 (3)
00:00:00.694   PCIFunctionNo <integer> = 0x0000000000000000 (0)
00:00:00.694   Trusted       <integer> = 0x0000000000000001 (1)
00:00:00.694 
00:00:00.694 [/Devices/e1000/0/Config/] (level 4)
00:00:00.694   AdapterType    <integer> = 0x0000000000000000 (0)
00:00:00.694   CableConnected <integer> = 0x0000000000000001 (1)
00:00:00.694   LineSpeed      <integer> = 0x0000000000000000 (0)
00:00:00.694   MAC            <bytes>   = "08 00 27 a5 f6 7b" (cb=6)
00:00:00.694 
00:00:00.694 [/Devices/e1000/0/LUN#0/] (level 4)
00:00:00.694   Driver <string>  = "NAT" (cb=4)
00:00:00.694 
00:00:00.694 [/Devices/e1000/0/LUN#0/Config/] (level 5)
00:00:00.694   AliasMode       <integer> = 0x0000000000000000 (0)
00:00:00.694   BootFile        <string>  = "saasbook.pxe" (cb=13)
00:00:00.694   DNSProxy        <integer> = 0x0000000000000000 (0)
00:00:00.694   Network         <string>  = "10.0.2.0/24" (cb=12)
00:00:00.694   PassDomain      <integer> = 0x0000000000000001 (1)
00:00:00.694   TFTPPrefix      <string>  = "/home/saratt/.VirtualBox/TFTP" (cb=30)
00:00:00.694   UseHostResolver <integer> = 0x0000000000000000 (0)
00:00:00.694 
00:00:00.694 [/Devices/e1000/0/LUN#999/] (level 4)
00:00:00.694   Driver <string>  = "MainStatus" (cb=11)
00:00:00.694 
00:00:00.694 [/Devices/e1000/0/LUN#999/Config/] (level 5)
00:00:00.694   First   <integer> = 0x0000000000000000 (0)
00:00:00.694   Last    <integer> = 0x0000000000000000 (0)
00:00:00.694   papLeds <integer> = 0x00007f731c015c90 (140132367817872)
00:00:00.694 
00:00:00.694 [/Devices/i8254/] (level 2)
00:00:00.694 
00:00:00.694 [/Devices/i8254/0/] (level 3)
00:00:00.694 
00:00:00.694 [/Devices/i8254/0/Config/] (level 4)
00:00:00.694 
00:00:00.694 [/Devices/i8259/] (level 2)
00:00:00.694 
00:00:00.694 [/Devices/i8259/0/] (level 3)
00:00:00.694   Trusted <integer> = 0x0000000000000001 (1)
00:00:00.694 
00:00:00.694 [/Devices/i8259/0/Config/] (level 4)
00:00:00.694 
00:00:00.694 [/Devices/ichac97/] (level 2)
00:00:00.694 
00:00:00.694 [/Devices/ichac97/0/] (level 3)
00:00:00.694   PCIBusNo      <integer> = 0x0000000000000000 (0)
00:00:00.694   PCIDeviceNo   <integer> = 0x0000000000000005 (5)
00:00:00.694   PCIFunctionNo <integer> = 0x0000000000000000 (0)
00:00:00.694   Trusted       <integer> = 0x0000000000000001 (1)
00:00:00.694 
00:00:00.694 [/Devices/ichac97/0/Config/] (level 4)
00:00:00.694 
00:00:00.694 [/Devices/ichac97/0/LUN#0/] (level 4)
00:00:00.694   Driver <string>  = "AUDIO" (cb=6)
00:00:00.694 
00:00:00.694 [/Devices/ichac97/0/LUN#0/Config/] (level 5)
00:00:00.694   AudioDriver <string>  = "pulse" (cb=6)
00:00:00.694   StreamName  <string>  = "saasbook" (cb=9)
00:00:00.694 
00:00:00.694 [/Devices/mc146818/] (level 2)
00:00:00.694 
00:00:00.694 [/Devices/mc146818/0/] (level 3)
00:00:00.694 
00:00:00.694 [/Devices/mc146818/0/Config/] (level 4)
00:00:00.694   UseUTC <integer> = 0x0000000000000001 (1)
00:00:00.694 
00:00:00.694 [/Devices/parallel/] (level 2)
00:00:00.694 
00:00:00.694 [/Devices/pcarch/] (level 2)
00:00:00.694 
00:00:00.694 [/Devices/pcarch/0/] (level 3)
00:00:00.694   Trusted <integer> = 0x0000000000000001 (1)
00:00:00.694 
00:00:00.694 [/Devices/pcarch/0/Config/] (level 4)
00:00:00.694 
00:00:00.694 [/Devices/pcbios/] (level 2)
00:00:00.694 
00:00:00.694 [/Devices/pcbios/0/] (level 3)
00:00:00.694   Trusted <integer> = 0x0000000000000001 (1)
00:00:00.694 
00:00:00.694 [/Devices/pcbios/0/Config/] (level 4)
00:00:00.694   BootDevice0            <string>  = "FLOPPY" (cb=7)
00:00:00.694   BootDevice1            <string>  = "DVD" (cb=4)
00:00:00.694   BootDevice2            <string>  = "IDE" (cb=4)
00:00:00.694   BootDevice3            <string>  = "NONE" (cb=5)
00:00:00.694   FloppyDevice           <string>  = "i82078" (cb=7)
00:00:00.694   HardDiskDevice         <string>  = "piix3ide" (cb=9)
00:00:00.694   IOAPIC                 <integer> = 0x0000000000000000 (0)
00:00:00.694   McfgBase               <integer> = 0x0000000000000000 (0)
00:00:00.694   McfgLength             <integer> = 0x0000000000000000 (0)
00:00:00.694   NumCPUs                <integer> = 0x0000000000000001 (1)
00:00:00.694   PXEDebug               <integer> = 0x0000000000000000 (0)
00:00:00.694   RamHoleSize            <integer> = 0x0000000020000000 (536870912)
00:00:00.694   RamSize                <integer> = 0x00000000a9c00000 (2847932416)
00:00:00.694   SataHardDiskDevice     <string>  = "ahci" (cb=5)
00:00:00.694   SataPrimaryMasterLUN   <integer> = 0x0000000000000000 (0)
00:00:00.694   SataPrimarySlaveLUN    <integer> = 0x0000000000000001 (1)
00:00:00.694   SataSecondaryMasterLUN <integer> = 0x0000000000000002 (2)
00:00:00.694   SataSecondarySlaveLUN  <integer> = 0x0000000000000003 (3)
00:00:00.694   UUID                   <bytes>   = "3f 90 d8 16 50 60 99 4e 9c b4 7b fd d1 3e 96 8e" (cb=16)
00:00:00.694 
00:00:00.694 [/Devices/pcbios/0/Config/NetBoot/] (level 5)
00:00:00.694 
00:00:00.694 [/Devices/pcbios/0/Config/NetBoot/0/] (level 6)
00:00:00.694   NIC           <integer> = 0x0000000000000000 (0)
00:00:00.694   PCIBusNo      <integer> = 0x0000000000000000 (0)
00:00:00.694   PCIDeviceNo   <integer> = 0x0000000000000003 (3)
00:00:00.694   PCIFunctionNo <integer> = 0x0000000000000000 (0)
00:00:00.694 
00:00:00.694 [/Devices/pci/] (level 2)
00:00:00.694 
00:00:00.694 [/Devices/pci/0/] (level 3)
00:00:00.694   Trusted <integer> = 0x0000000000000001 (1)
00:00:00.694 
00:00:00.694 [/Devices/pci/0/Config/] (level 4)
00:00:00.694   IOAPIC <integer> = 0x0000000000000000 (0)
00:00:00.694 
00:00:00.694 [/Devices/pckbd/] (level 2)
00:00:00.694 
00:00:00.694 [/Devices/pckbd/0/] (level 3)
00:00:00.694   Trusted <integer> = 0x0000000000000001 (1)
00:00:00.694 
00:00:00.694 [/Devices/pckbd/0/Config/] (level 4)
00:00:00.694 
00:00:00.694 [/Devices/pckbd/0/LUN#0/] (level 4)
00:00:00.694   Driver <string>  = "KeyboardQueue" (cb=14)
00:00:00.694 
00:00:00.694 [/Devices/pckbd/0/LUN#0/AttachedDriver/] (level 5)
00:00:00.694   Driver <string>  = "MainKeyboard" (cb=13)
00:00:00.694 
00:00:00.694 [/Devices/pckbd/0/LUN#0/AttachedDriver/Config/] (level 6)
00:00:00.694   Object <integer> = 0x00007f731c0163d0 (140132367819728)
00:00:00.694 
00:00:00.694 [/Devices/pckbd/0/LUN#0/Config/] (level 5)
00:00:00.694   QueueSize <integer> = 0x0000000000000040 (64)
00:00:00.694 
00:00:00.694 [/Devices/pckbd/0/LUN#1/] (level 4)
00:00:00.694   Driver <string>  = "MouseQueue" (cb=11)
00:00:00.694 
00:00:00.694 [/Devices/pckbd/0/LUN#1/AttachedDriver/] (level 5)
00:00:00.694   Driver <string>  = "MainMouse" (cb=10)
00:00:00.694 
00:00:00.694 [/Devices/pckbd/0/LUN#1/AttachedDriver/Config/] (level 6)
00:00:00.694   Object <integer> = 0x00007f731c016930 (140132367821104)
00:00:00.694 
00:00:00.694 [/Devices/pckbd/0/LUN#1/Config/] (level 5)
00:00:00.694   QueueSize <integer> = 0x0000000000000080 (128)
00:00:00.694 
00:00:00.694 [/Devices/pcnet/] (level 2)
00:00:00.694 
00:00:00.694 [/Devices/piix3ide/] (level 2)
00:00:00.694 
00:00:00.694 [/Devices/piix3ide/0/] (level 3)
00:00:00.694   PCIBusNo      <integer> = 0x0000000000000000 (0)
00:00:00.694   PCIDeviceNo   <integer> = 0x0000000000000001 (1)
00:00:00.694   PCIFunctionNo <integer> = 0x0000000000000001 (1)
00:00:00.694   Trusted       <integer> = 0x0000000000000001 (1)
00:00:00.694 
00:00:00.694 [/Devices/piix3ide/0/Config/] (level 4)
00:00:00.694   Type <string>  = "PIIX4" (cb=6)
00:00:00.694 
00:00:00.694 [/Devices/piix3ide/0/Config/SecondaryMaster/] (level 5)
00:00:00.694   NonRotationalMedium <integer> = 0x0000000000000000 (0)
00:00:00.694 
00:00:00.694 [/Devices/piix3ide/0/LUN#2/] (level 4)
00:00:00.694   Driver <string>  = "Block" (cb=6)
00:00:00.694 
00:00:00.694 [/Devices/piix3ide/0/LUN#2/Config/] (level 5)
00:00:00.694   Mountable <integer> = 0x0000000000000001 (1)
00:00:00.694   Type      <string>  = "DVD" (cb=4)
00:00:00.694 
00:00:00.694 [/Devices/piix3ide/0/LUN#999/] (level 4)
00:00:00.694   Driver <string>  = "MainStatus" (cb=11)
00:00:00.694 
00:00:00.694 [/Devices/piix3ide/0/LUN#999/Config/] (level 5)
00:00:00.694   DeviceInstance        <string>  = "piix3ide/0" (cb=11)
00:00:00.694   First                 <integer> = 0x0000000000000000 (0)
00:00:00.694   Last                  <integer> = 0x0000000000000003 (3)
00:00:00.694   pConsole              <integer> = 0x00007f731c0157e0 (140132367816672)
00:00:00.694   papLeds               <integer> = 0x00007f731c015ac0 (140132367817408)
00:00:00.694   pmapMediumAttachments <integer> = 0x00007f731c015ce8 (140132367817960)
00:00:00.694 
00:00:00.694 [/Devices/serial/] (level 2)
00:00:00.694 
00:00:00.694 [/Devices/usb-ohci/] (level 2)
00:00:00.694 
00:00:00.694 [/Devices/usb-ohci/0/] (level 3)
00:00:00.694   PCIBusNo      <integer> = 0x0000000000000000 (0)
00:00:00.694   PCIDeviceNo   <integer> = 0x0000000000000006 (6)
00:00:00.694   PCIFunctionNo <integer> = 0x0000000000000000 (0)
00:00:00.694   Trusted       <integer> = 0x0000000000000001 (1)
00:00:00.694 
00:00:00.694 [/Devices/usb-ohci/0/Config/] (level 4)
00:00:00.694 
00:00:00.694 [/Devices/usb-ohci/0/LUN#0/] (level 4)
00:00:00.694   Driver <string>  = "VUSBRootHub" (cb=12)
00:00:00.694 
00:00:00.694 [/Devices/usb-ohci/0/LUN#0/Config/] (level 5)
00:00:00.694 
00:00:00.694 [/Devices/usb-ohci/0/LUN#999/] (level 4)
00:00:00.694   Driver <string>  = "MainStatus" (cb=11)
00:00:00.694 
00:00:00.694 [/Devices/usb-ohci/0/LUN#999/Config/] (level 5)
00:00:00.694   First   <integer> = 0x0000000000000000 (0)
00:00:00.694   Last    <integer> = 0x0000000000000000 (0)
00:00:00.694   papLeds <integer> = 0x00007f731c015cd8 (140132367817944)
00:00:00.694 
00:00:00.694 [/Devices/vga/] (level 2)
00:00:00.694 
00:00:00.694 [/Devices/vga/0/] (level 3)
00:00:00.694   PCIBusNo      <integer> = 0x0000000000000000 (0)
00:00:00.694   PCIDeviceNo   <integer> = 0x0000000000000002 (2)
00:00:00.694   PCIFunctionNo <integer> = 0x0000000000000000 (0)
00:00:00.694   Trusted       <integer> = 0x0000000000000001 (1)
00:00:00.694 
00:00:00.694 [/Devices/vga/0/Config/] (level 4)
00:00:00.694   CustomVideoModes <integer> = 0x0000000000000000 (0)
00:00:00.694   FadeIn           <integer> = 0x0000000000000001 (1)
00:00:00.694   FadeOut          <integer> = 0x0000000000000001 (1)
00:00:00.694   HeightReduction  <integer> = 0x0000000000000000 (0)
00:00:00.694   LogoFile         <string>  = "" (cb=1)
00:00:00.694   LogoTime         <integer> = 0x0000000000000000 (0)
00:00:00.694   MonitorCount     <integer> = 0x0000000000000001 (1)
00:00:00.694   ShowBootMenu     <integer> = 0x0000000000000002 (2)
00:00:00.694   VRamSize         <integer> = 0x0000000000c00000 (12582912)
00:00:00.694 
00:00:00.694 [/Devices/vga/0/LUN#0/] (level 4)
00:00:00.694   Driver <string>  = "MainDisplay" (cb=12)
00:00:00.694 
00:00:00.694 [/Devices/vga/0/LUN#0/Config/] (level 5)
00:00:00.694   Object <integer> = 0x00007f731c0170c0 (140132367823040)
00:00:00.694 
00:00:00.694 [/Devices/virtio-net/] (level 2)
00:00:00.694 
00:00:00.694 [/HWVirtExt/] (level 1)
00:00:00.694   EnableLargePages   <integer> = 0x0000000000000000 (0)
00:00:00.694   EnableNestedPaging <integer> = 0x0000000000000001 (1)
00:00:00.694   EnableVPID         <integer> = 0x0000000000000001 (1)
00:00:00.694   Enabled            <integer> = 0x0000000000000001 (1)
00:00:00.694   Exclusive          <integer> = 0x0000000000000001 (1)
00:00:00.694 
00:00:00.694 [/MM/] (level 1)
00:00:00.694   CanUseLargerHeap <integer> = 0x0000000000000000 (0)
00:00:00.694 
00:00:00.694 [/PDM/] (level 1)
00:00:00.694 
00:00:00.694 [/PDM/AsyncCompletion/] (level 2)
00:00:00.694 
00:00:00.694 [/PDM/AsyncCompletion/File/] (level 3)
00:00:00.694 
00:00:00.694 [/PDM/AsyncCompletion/File/BwGroups/] (level 4)
00:00:00.694 
00:00:00.694 [/PDM/BlkCache/] (level 2)
00:00:00.694   CacheSize <integer> = 0x0000000000500000 (5242880)
00:00:00.694 
00:00:00.694 [/PDM/Devices/] (level 2)
00:00:00.694 
00:00:00.694 [/PDM/Drivers/] (level 2)
00:00:00.694 
00:00:00.694 [/PDM/Drivers/VBoxC/] (level 3)
00:00:00.694   Path <string>  = "/usr/lib/virtualbox/components/VBoxC" (cb=37)
00:00:00.694 
00:00:00.694 [/TM/] (level 1)
00:00:00.694   UTCOffset <integer> = 0x0000000000000000 (0)
00:00:00.694 
00:00:00.694 [/USB/] (level 1)
00:00:00.694 
00:00:00.694 [/USB/HidMouse/] (level 2)
00:00:00.694 
00:00:00.694 [/USB/HidMouse/0/] (level 3)
00:00:00.694 
00:00:00.694 [/USB/HidMouse/0/Config/] (level 4)
00:00:00.694   Absolute <integer> = 0x0000000000000001 (1)
00:00:00.694 
00:00:00.694 [/USB/HidMouse/0/LUN#0/] (level 4)
00:00:00.694   Driver <string>  = "MouseQueue" (cb=11)
00:00:00.694 
00:00:00.694 [/USB/HidMouse/0/LUN#0/AttachedDriver/] (level 5)
00:00:00.694   Driver <string>  = "MainMouse" (cb=10)
00:00:00.694 
00:00:00.694 [/USB/HidMouse/0/LUN#0/AttachedDriver/Config/] (level 6)
00:00:00.694   Object <integer> = 0x00007f731c016930 (140132367821104)
00:00:00.694 
00:00:00.694 [/USB/HidMouse/0/LUN#0/Config/] (level 5)
00:00:00.694   QueueSize <integer> = 0x0000000000000080 (128)
00:00:00.694 
00:00:00.694 [/USB/USBProxy/] (level 2)
00:00:00.694 
00:00:00.694 [/USB/USBProxy/GlobalConfig/] (level 3)
00:00:00.694 
00:00:00.694 ********************* End of CFGM dump **********************
00:00:00.694 MM: cbHyperHeap=0x140000 (1310720)
00:00:00.699 Logical host processors: 8 present, 8 max, 8 online, online mask: 00000000000000ff
00:00:00.699 ************************* CPUID dump ************************
00:00:00.699          RAW Standard CPUIDs
00:00:00.699      Function  eax      ebx      ecx      edx
00:00:00.699 Gst: 00000000  00000005 756e6547 6c65746e 49656e69
00:00:00.699 Hst:           0000000b 756e6547 6c65746e 49656e69
00:00:00.699 Gst: 00000001  000106e5 00000800 00000209 078bf1bf
00:00:00.699 Hst:           000106e5 07100800 0098e3fd bfebfbff
00:00:00.699 Gst: 00000002  55035a01 00f0b2de 00000000 09ca212c
00:00:00.699 Hst:           55035a01 00f0b2de 00000000 09ca212c
00:00:00.699 Gst: 00000003  00000000 00000000 00000000 00000000
00:00:00.699 Hst:           00000000 00000000 00000000 00000000
00:00:00.699 Gst: 00000004  00000000 00000000 00000000 00000000
00:00:00.699 Hst:           1c004121 01c0003f 0000003f 00000000
00:00:00.699 Gst: 00000005  00000040 00000040 00000000 00000000
00:00:00.699 Hst:           00000040 00000040 00000003 00001120
00:00:00.699 Name:                            GenuineIntel
00:00:00.699 Supports:                        0-5
00:00:00.699 Family:                          6  	Extended: 0 	Effective: 6
00:00:00.699 Model:                           14  	Extended: 1 	Effective: 30
00:00:00.699 Stepping:                        5
00:00:00.699 Type:                            0 (primary)
00:00:00.699 APIC ID:                         0x00
00:00:00.699 Logical CPUs:                    0
00:00:00.699 CLFLUSH Size:                    8
00:00:00.699 Brand ID:                        0x00
00:00:00.699 Mnemonic - Description                 = guest (host)
00:00:00.699 FPU - x87 FPU on Chip                  = 1 (1)
00:00:00.699 VME - Virtual 8086 Mode Enhancements   = 1 (1)
00:00:00.699 DE - Debugging extensions              = 1 (1)
00:00:00.699 PSE - Page Size Extension              = 1 (1)
00:00:00.699 TSC - Time Stamp Counter               = 1 (1)
00:00:00.699 MSR - Model Specific Registers         = 1 (1)
00:00:00.699 PAE - Physical Address Extension       = 0 (1)
00:00:00.699 MCE - Machine Check Exception          = 1 (1)
00:00:00.699 CX8 - CMPXCHG8B instruction            = 1 (1)
00:00:00.699 APIC - APIC On-Chip                    = 0 (1)
00:00:00.699 10 - Reserved                          = 0 (0)
00:00:00.699 SEP - SYSENTER and SYSEXIT             = 0 (1)
00:00:00.699 MTRR - Memory Type Range Registers     = 1 (1)
00:00:00.699 PGE - PTE Global Bit                   = 1 (1)
00:00:00.699 MCA - Machine Check Architecture       = 1 (1)
00:00:00.699 CMOV - Conditional Move Instructions   = 1 (1)
00:00:00.699 PAT - Page Attribute Table             = 1 (1)
00:00:00.699 PSE-36 - 36-bit Page Size Extention    = 1 (1)
00:00:00.699 PSN - Processor Serial Number          = 0 (0)
00:00:00.699 CLFSH - CLFLUSH Instruction.           = 1 (1)
00:00:00.699 20 - Reserved                          = 0 (0)
00:00:00.699 DS - Debug Store                       = 0 (1)
00:00:00.699 ACPI - Thermal Mon. & Soft. Clock Ctrl.= 0 (1)
00:00:00.699 MMX - Intel MMX Technology             = 1 (1)
00:00:00.699 FXSR - FXSAVE and FXRSTOR Instructions = 1 (1)
00:00:00.699 SSE - SSE Support                      = 1 (1)
00:00:00.699 SSE2 - SSE2 Support                    = 1 (1)
00:00:00.699 SS - Self Snoop                        = 0 (1)
00:00:00.699 HTT - Hyper-Threading Technology       = 0 (1)
00:00:00.699 TM - Thermal Monitor                   = 0 (1)
00:00:00.699 30 - Reserved                          = 0 (0)
00:00:00.699 PBE - Pending Break Enable             = 0 (1)
00:00:00.699 Supports SSE3                          = 1 (1)
00:00:00.699 PCLMULQDQ                              = 0 (0)
00:00:00.699 DS Area 64-bit layout                  = 0 (1)
00:00:00.699 Supports MONITOR/MWAIT                 = 1 (1)
00:00:00.699 CPL-DS - CPL Qualified Debug Store     = 0 (1)
00:00:00.699 VMX - Virtual Machine Technology       = 0 (1)
00:00:00.699 SMX - Safer Mode Extensions            = 0 (1)
00:00:00.699 Enhanced SpeedStep Technology          = 0 (1)
00:00:00.699 Terminal Monitor 2                     = 0 (1)
00:00:00.699 Supplemental SSE3 instructions         = 1 (1)
00:00:00.699 L1 Context ID                          = 0 (0)
00:00:00.699 11 - Reserved                          = 0 (0)
00:00:00.699 FMA extensions using YMM state         = 0 (0)
00:00:00.699 CMPXCHG16B instruction                 = 0 (1)
00:00:00.699 xTPR Update Control                    = 0 (1)
00:00:00.699 Perf/Debug Capability MSR              = 0 (1)
00:00:00.699 16 - Reserved                          = 0 (0)
00:00:00.699 PCID - Process-context identifiers     = 0 (0)
00:00:00.699 DCA - Direct Cache Access              = 0 (0)
00:00:00.699 SSE4.1 instruction extensions          = 0 (1)
00:00:00.699 SSE4.2 instruction extensions          = 0 (1)
00:00:00.699 Supports the x2APIC extensions         = 0 (0)
00:00:00.699 MOVBE instruction                      = 0 (0)
00:00:00.699 POPCNT instruction                     = 0 (1)
00:00:00.699 TSC-Deadline LAPIC timer mode          = 0 (0)
00:00:00.699 AESNI instruction extensions           = 0 (0)
00:00:00.699 XSAVE/XRSTOR extended state feature    = 0 (0)
00:00:00.699 Supports OSXSAVE                       = 0 (0)
00:00:00.699 AVX instruction extensions             = 0 (0)
00:00:00.699 29/30 - Reserved                       = 0x0 (0x0)
00:00:00.699 Hypervisor Present (we're a guest)     = 0 (0)
00:00:00.699 
00:00:00.699          RAW Extended CPUIDs
00:00:00.699      Function  eax      ebx      ecx      edx
00:00:00.699 Gst: 80000000  80000008 00000000 00000000 00000000
00:00:00.699 Hst:           80000008 00000000 00000000 00000000
00:00:00.699 Gst: 80000001  00000000 00000000 00000000 00000000
00:00:00.699 Hst:           00000000 00000000 00000001 28100800
00:00:00.699 Gst: 80000002  65746e49 2952286c 726f4320 4d542865
00:00:00.699 Hst:           65746e49 2952286c 726f4320 4d542865
00:00:00.699 Gst: 80000003  37692029 55504320 20202020 51202020
00:00:00.699 Hst:           37692029 55504320 20202020 51202020
00:00:00.699 Gst: 80000004  30323720 20402020 30362e31 007a4847
00:00:00.699 Hst:           30323720 20402020 30362e31 007a4847
00:00:00.699 Gst: 80000005  00000000 00000000 00000000 00000000
00:00:00.699 Hst:           00000000 00000000 00000000 00000000
00:00:00.699 Gst: 80000006  00000000 00000000 01006040 00000000
00:00:00.699 Hst:           00000000 00000000 01006040 00000000
00:00:00.699 Gst: 80000007  00000000 00000000 00000000 00000000
00:00:00.699 Hst:           00000000 00000000 00000000 00000100
00:00:00.699 Gst: 80000008  00003024 00000000 00000000 00000000
00:00:00.699 Hst:           00003024 00000000 00000000 00000000
00:00:00.699 Gst: 80000009  00000000 00000000 00000069 00000007*
00:00:00.699 Hst:           00000000 00000000 00000003 00000007
00:00:00.699 Ext Name:                        
00:00:00.699 Ext Supports:                    0x80000000-0x80000008
00:00:00.699 Family:                          0  	Extended: 0 	Effective: 0
00:00:00.699 Model:                           0  	Extended: 0 	Effective: 0
00:00:00.699 Stepping:                        0
00:00:00.699 Brand ID:                        0x000
00:00:00.699 Mnemonic - Description                 = guest (host)
00:00:00.699 FPU - x87 FPU on Chip                  = 0 (0)
00:00:00.699 VME - Virtual 8086 Mode Enhancements   = 0 (0)
00:00:00.699 DE - Debugging extensions              = 0 (0)
00:00:00.699 PSE - Page Size Extension              = 0 (0)
00:00:00.699 TSC - Time Stamp Counter               = 0 (0)
00:00:00.699 MSR - K86 Model Specific Registers     = 0 (0)
00:00:00.699 PAE - Physical Address Extension       = 0 (0)
00:00:00.699 MCE - Machine Check Exception          = 0 (0)
00:00:00.699 CX8 - CMPXCHG8B instruction            = 0 (0)
00:00:00.699 APIC - APIC On-Chip                    = 0 (0)
00:00:00.699 10 - Reserved                          = 0 (0)
00:00:00.699 SEP - SYSCALL and SYSRET               = 0 (1)
00:00:00.699 MTRR - Memory Type Range Registers     = 0 (0)
00:00:00.699 PGE - PTE Global Bit                   = 0 (0)
00:00:00.699 MCA - Machine Check Architecture       = 0 (0)
00:00:00.699 CMOV - Conditional Move Instructions   = 0 (0)
00:00:00.699 PAT - Page Attribute Table             = 0 (0)
00:00:00.699 PSE-36 - 36-bit Page Size Extention    = 0 (0)
00:00:00.699 18 - Reserved                          = 0 (0)
00:00:00.699 19 - Reserved                          = 0 (0)
00:00:00.699 NX - No-Execute Page Protection        = 0 (1)
00:00:00.699 DS - Debug Store                       = 0 (0)
00:00:00.699 AXMMX - AMD Extensions to MMX Instr.   = 0 (0)
00:00:00.699 MMX - Intel MMX Technology             = 0 (0)
00:00:00.699 FXSR - FXSAVE and FXRSTOR Instructions = 0 (0)
00:00:00.699 25 - AMD fast FXSAVE and FXRSTOR Instr.= 0 (0)
00:00:00.699 26 - 1 GB large page support           = 0 (0)
00:00:00.699 27 - RDTSCP instruction                = 0 (1)
00:00:00.699 28 - Reserved                          = 0 (0)
00:00:00.699 29 - AMD Long Mode                     = 0 (1)
00:00:00.699 30 - AMD Extensions to 3DNow           = 0 (0)
00:00:00.699 31 - AMD 3DNow                         = 0 (0)
00:00:00.699 LahfSahf - LAHF/SAHF in 64-bit mode    = 0 (1)
00:00:00.699 CmpLegacy - Core MP legacy mode (depr) = 0 (0)
00:00:00.699 SVM - AMD VM Extensions                = 0 (0)
00:00:00.699 APIC registers starting at 0x400       = 0 (0)
00:00:00.699 AltMovCR8 - LOCK MOV CR0 means MOV CR8 = 0 (0)
00:00:00.699 Advanced bit manipulation              = 0 (0)
00:00:00.699 SSE4A instruction support              = 0 (0)
00:00:00.699 Misaligned SSE mode                    = 0 (0)
00:00:00.699 PREFETCH and PREFETCHW instruction     = 0 (0)
00:00:00.699 OS visible workaround                  = 0 (0)
00:00:00.699 Instruction based sampling             = 0 (0)
00:00:00.699 SSE5 support                           = 0 (0)
00:00:00.699 SKINIT, STGI, and DEV support          = 0 (0)
00:00:00.699 Watchdog timer support.                = 0 (0)
00:00:00.699 31:14 - Reserved                       = 0x0 (0x0)
00:00:00.699 Full Name:                       Intel(R) Core(TM) i7 CPU       Q 720  @ 1.60GHz
00:00:00.699 TLB 2/4M Instr/Uni:              res0     0 entries
00:00:00.699 TLB 2/4M Data:                   res0     0 entries
00:00:00.699 TLB 4K Instr/Uni:                res0     0 entries
00:00:00.699 TLB 4K Data:                     res0     0 entries
00:00:00.699 L1 Instr Cache Line Size:        0 bytes
00:00:00.699 L1 Instr Cache Lines Per Tag:    0
00:00:00.699 L1 Instr Cache Associativity:    res0  
00:00:00.699 L1 Instr Cache Size:             0 KB
00:00:00.699 L1 Data Cache Line Size:         0 bytes
00:00:00.699 L1 Data Cache Lines Per Tag:     0
00:00:00.699 L1 Data Cache Associativity:     res0  
00:00:00.699 L1 Data Cache Size:              0 KB
00:00:00.699 L2 TLB 2/4M Instr/Uni:           off       0 entries
00:00:00.699 L2 TLB 2/4M Data:                off       0 entries
00:00:00.699 L2 TLB 4K Instr/Uni:             off       0 entries
00:00:00.699 L2 TLB 4K Data:                  off       0 entries
00:00:00.699 L2 Cache Line Size:              0 bytes
00:00:00.699 L2 Cache Lines Per Tag:          0
00:00:00.699 L2 Cache Associativity:          off   
00:00:00.699 L2 Cache Size:                   0 KB
00:00:00.699 APM Features:                   
00:00:00.699 Physical Address Width:          36 bits
00:00:00.699 Virtual Address Width:           48 bits
00:00:00.699 Guest Physical Address Width:    0 bits
00:00:00.699 Physical Core Count:             0
00:00:00.699 
00:00:00.699          RAW Centaur CPUIDs
00:00:00.699      Function  eax      ebx      ecx      edx
00:00:00.699 Gst: c0000000  00000000 00000000 00000069 00000007
00:00:00.699 Hst:           00000000 00000000 00000002 00000007
00:00:00.699 Gst: c0000001  00000000 00000000 00000069 00000007*
00:00:00.699 Hst:           00000000 00000000 00000003 00000007
00:00:00.699 Gst: c0000002  00000000 00000000 00000069 00000007*
00:00:00.699 Hst:           00000000 00000000 00000003 00000007
00:00:00.699 Gst: c0000003  00000000 00000000 00000069 00000007*
00:00:00.699 Hst:           00000000 00000000 00000003 00000007
00:00:00.699 Centaur Supports:                0xc0000000-0x00000000
00:00:00.699 
00:00:00.699 ******************** End of CPUID dump **********************
00:00:00.700 Debug: HCPhysInterPD=000000009617f000 HCPhysInterPaePDPT=0000000093909000 HCPhysInterPaePML4=0000000088977000
00:00:00.700 Debug: apInterPTs={0000000096183000,00000000938e9000} apInterPaePTs={0000000118683000,0000000136f3e000} apInterPaePDs={0000000136f3f000,0000000138b58000,0000000138b59000,0000000136f44000} pInterPaePDPT64=0000000099402000
00:00:00.700 PGMPool: cMaxPages=1392 (u64MaxPages=1392)
00:00:00.700 pgmR3PoolInit: cMaxPages=0x570 cMaxUsers=0xae0 cMaxPhysExts=0xae0 fCacheEnable=true 
00:00:00.758 TM: GIP - u32Mode=1 (SyncTSC) u32UpdateHz=83
00:00:00.790 TM: cTSCTicksPerSecond=0x5f30b3a4 (1 597 027 236) fTSCVirtualized=true  fTSCUseRealTSC=false
00:00:00.790 TM: fMaybeUseOffsettedHostTSC=true  TSCTiedToExecution=false TSCNotTiedToHalt=false
00:00:00.791 CoreCode: R3=00007f73360f6000 R0=ffffc900052c2000 RC=a0c51000 Phys=00000000ae626000 cb=0x2000
00:00:00.794 AIOMgr: Default manager type is "Async"
00:00:00.794 AIOMgr: Default file backend is "NonBuffered"
00:00:00.794 BlkCache: Cache successfully initialised. Cache size is 5242880 bytes
00:00:00.794 BlkCache: Cache commit interval is 10000 ms
00:00:00.794 BlkCache: Cache commit threshold is 2621440 bytes
00:00:00.796 [SMP] BIOS with 1 CPUs
00:00:00.819 SUP: Loaded VBoxDDR0.r0 (/usr/lib/virtualbox/VBoxDDR0.r0) at 0xffffffffa0588c80 - ModuleInit at 0000000000000000 and ModuleTerm at 0000000000000000
00:00:00.822 SUP: Loaded VBoxDD2R0.r0 (/usr/lib/virtualbox/VBoxDD2R0.r0) at 0xffffffffa05a0de0 - ModuleInit at 0000000000000000 and ModuleTerm at 0000000000000000
00:00:00.822 Activating Local APIC
00:00:00.822 CPUMSetGuestCpuIdFeature: Enabled APIC
00:00:00.822 CPUMSetGuestCpuIdFeature: Disabled x2APIC
00:00:00.822 PIT: mode=3 count=0x10000 (65536) - 18.20 Hz (ch=0)
00:00:00.827 Shared Folders service loaded.
00:00:00.837 Chipset cannot do MSI: VERR_NOT_IMPLEMENTED
00:00:00.837 DrvBlock: Flushes will be ignored
00:00:00.837 DrvBlock: Async flushes will be passed to the disk
00:00:00.838 VDInit finished
00:00:00.838 AIOMgr: Endpoint for file '/home/saratt/Documents/cs169/vm-0.8.0-0.8.1.vdi' (flags 000c0723) created successfully
00:00:00.842 AHCI: LUN#0: disk, PCHS=16383/16/63, total number of sectors 20971520
00:00:00.842 AHCI: LUN#0: using async I/O
00:00:00.842 AHCI ATA: LUN#0: disk, PCHS=16383/16/63, total number of sectors 20971520
00:00:00.842 AHCI ATA: LUN#1: no unit
00:00:00.842 AHCI ATA: Ctl: finished processing RESET
00:00:00.842 AHCI ATA: LUN#2: no unit
00:00:00.842 AHCI ATA: LUN#3: no unit
00:00:00.843 AHCI ATA: Ctl: finished processing RESET
00:00:00.843 AHCI ATA: Ctl: finished processing RESET
00:00:00.843 AHCI ATA: Ctl: finished processing RESET
00:00:00.844 PIIX3 ATA: LUN#0: no unit
00:00:00.844 PIIX3 ATA: LUN#1: no unit
00:00:00.844 DrvBlock: Flushes will be ignored
00:00:00.844 DrvBlock: Async flushes will be passed to the disk
00:00:00.844 PIIX3 ATA: LUN#2: CD/DVD, total number of sectors 0, passthrough disabled
00:00:00.844 PIIX3 ATA: LUN#3: no unit
00:00:00.844 PIIX3 ATA: Ctl#0: finished processing RESET
00:00:00.844 PIIX3 ATA: Ctl#1: finished processing RESET
00:00:00.856 New value of somaxconn: 1
00:00:00.856 NAT: value of BindIP has been ignored
00:00:00.856 Audio: Trying driver 'pulse'.
00:00:00.862 Audio: set_record_source ars=0 als=0 (not implemented)
00:00:00.862 Pulse: open PCM_IN rate=44100Hz channels=2 format=s16le
00:00:00.862 Pulse: Requested record buffer attributes: maxlength=26460 fragsize=17640
00:00:00.962 Pulse:  Obtained record buffer attributes: maxlength=26460 fragsize=8820
00:00:00.962 Pulse: open PCM_OUT rate=44100Hz channels=2 format=s16le
00:00:00.962 Pulse: Requested playback buffer attributes: maxlength=26460 tlength=17640 prebuf=-1 minreq=-1
00:00:00.965 Pulse:  Obtained playback buffer attributes: maxlength=26460 tlength=12348 prebuf=8824 minreq=3528
00:00:00.967 VUSB: attached 'HidMouse' to port 1
00:00:00.968 DevPcBios: SATA LUN#0 LCHS=1024/255/63
00:00:00.969 PGM: The CPU physical address width is 36 bits
00:00:00.969 PGMR3InitFinalize: 4 MB PSE mask 0000000fffffffff
00:00:01.000 VMM: fUsePeriodicPreemptionTimers=true 
00:00:01.000 HWACCM: No VT-x or AMD-V CPU extension found. Reason VERR_VMX_MSR_LOCKED_OR_DISABLED
00:00:01.000 HWACCM: VMX MSR_IA32_FEATURE_CONTROL=1
00:00:01.030 VM: Halt method global1 (5)
00:00:01.030 HaltedGlobal1 config: cNsSpinBlockThresholdCfg=2000
00:00:01.030 Changing the VM state from 'CREATING' to 'CREATED'.
00:00:01.031 Changing the VM state from 'CREATED' to 'POWERING_ON'.
00:00:01.031 AIOMgr: Endpoints without assigned bandwidth groups:
00:00:01.031 AIOMgr:     /home/saratt/Documents/cs169/vm-0.8.0-0.8.1.vdi
00:00:01.031 Changing the VM state from 'POWERING_ON' to 'RUNNING'.
00:00:01.040 ERROR [COM]: aRC=VBOX_E_IPRT_ERROR (0x80bb0005) aIID={09eed313-cd56-4d06-bd56-fac0f716b5dd} aComponent={Display} aText={Could not take a screenshot (VERR_NOT_SUPPORTED)}, preserve=false
00:00:01.041 Guest Log: BIOS: VirtualBox 4.1.2_Ubuntu
00:00:01.042 PIT: mode=2 count=0x10000 (65536) - 18.20 Hz (ch=0)
00:00:01.066 PIIX3 ATA: Ctl#1: RESET, DevSel=0 AIOIf=0 CmdIf0=0x00 (-1 usec ago) CmdIf1=0x00 (-1 usec ago)
00:00:01.067 PIIX3 ATA: Ctl#1: finished processing RESET
00:00:01.071 AHCI ATA: Ctl: RESET, DevSel=0 AIOIf=0 CmdIf0=0x00 (-1 usec ago) CmdIf1=0x00 (-1 usec ago)
00:00:01.071 AHCI ATA: Ctl: finished processing RESET
00:00:01.077 Guest Log: BIOS: ata2-0: PCHS=16383/16/63 LCHS=1024/255/63
00:00:01.079 PIT: mode=2 count=0x48d3 (18643) - 64.00 Hz (ch=0)
00:00:01.085 Display::handleDisplayResize(): uScreenId = 0, pvVRAM=00007f730eee1000 w=640 h=480 bpp=32 cbLine=0xA00, flags=0x1
00:00:01.329 2D video acceleration is disabled.
00:00:02.380 Changing the VM state from 'RUNNING' to 'SUSPENDING'.
00:00:02.380 AIOMgr: Endpoint for file '/home/saratt/Documents/cs169/vm-0.8.0-0.8.1.vdi' (flags 000c0781) created successfully
00:00:02.382 Changing the VM state from 'SUSPENDING' to 'SUSPENDED'.
00:00:03.712 Console::powerDown(): A request to power off the VM has been issued (mMachineState=Stopping, InUninit=0)
00:00:03.713 Changing the VM state from 'SUSPENDED' to 'POWERING_OFF'.
00:00:03.713 ****************** Guest state at power off ******************
00:00:03.713 Guest CPUM (VCPU 0) state: se
00:00:03.713 eax=00000000 ebx=00000000 ecx=00140004 edx=00000014 esi=fee00360 edi=0000ffd8
00:00:03.713 eip=00001189 esp=0000ffc8 ebp=0000ffdc iopl=0         nv up ei nt zr ac po cy
00:00:03.713 cs={f000 base=00000000000f0000 limit=0000ffff flags=0000009a} dr0=00000000 dr1=00000000
00:00:03.713 ds={0000 base=0000000000000000 limit=0000ffff flags=00000092} dr2=00000000 dr3=00000000
00:00:03.713 es={0080 base=0000000000000800 limit=0000ffff flags=00000092} dr4=00000000 dr5=00000000
00:00:03.713 fs={0000 base=0000000000000000 limit=0000ffff flags=00000092} dr6=ffff0ff0 dr7=00000400
00:00:03.714 gs={0000 base=0000000000000000 limit=0000ffff flags=00000092} cr0=60000010 cr2=00000000
00:00:03.714 ss={0000 base=0000000000000000 limit=0000ffff flags=00000092} cr3=00000000 cr4=00000000
00:00:03.714 gdtr=00000000000fc7ff:0030  idtr=0000000000000000:ffff  eflags=00000297
00:00:03.714 ldtr={0000 base=00000000 limit=0000ffff flags=00000082}
00:00:03.714 tr  ={0000 base=00000000 limit=0000ffff flags=0000008b}
00:00:03.714 SysEnter={cs=0000 eip=00000000 esp=00000000}
00:00:03.714 FCW=037f FSW=0000 FTW=0000 FOP=0000 MXCSR=00001f80 MXCSR_MASK=00000000
00:00:03.714 FPUIP=00000000 CS=0000 Rsrvd1=0000  FPUDP=00000000 DS=0000 Rsvrd2=0000
00:00:03.714 ST(0)=FPR0={0000'00000000'00000000} t0 +0.0000000000000000000000 ^ 0
00:00:03.714 ST(1)=FPR1={0000'00000000'00000000} t0 +0.0000000000000000000000 ^ 0
00:00:03.714 ST(2)=FPR2={0000'00000000'00000000} t0 +0.0000000000000000000000 ^ 0
00:00:03.714 ST(3)=FPR3={0000'00000000'00000000} t0 +0.0000000000000000000000 ^ 0
00:00:03.714 ST(4)=FPR4={0000'00000000'00000000} t0 +0.0000000000000000000000 ^ 0
00:00:03.714 ST(5)=FPR5={0000'00000000'00000000} t0 +0.0000000000000000000000 ^ 0
00:00:03.714 ST(6)=FPR6={0000'00000000'00000000} t0 +0.0000000000000000000000 ^ 0
00:00:03.714 ST(7)=FPR7={0000'00000000'00000000} t0 +0.0000000000000000000000 ^ 0
00:00:03.714 XMM0 =00000000'00000000'00000000'00000000  XMM1 =00000000'00000000'00000000'00000000
00:00:03.714 XMM2 =00000000'00000000'00000000'00000000  XMM3 =00000000'00000000'00000000'00000000
00:00:03.714 XMM4 =00000000'00000000'00000000'00000000  XMM5 =00000000'00000000'00000000'00000000
00:00:03.714 XMM6 =00000000'00000000'00000000'00000000  XMM7 =00000000'00000000'00000000'00000000
00:00:03.714 XMM8 =00000000'00000000'00000000'00000000  XMM9 =00000000'00000000'00000000'00000000
00:00:03.714 XMM10=00000000'00000000'00000000'00000000  XMM11=00000000'00000000'00000000'00000000
00:00:03.714 XMM12=00000000'00000000'00000000'00000000  XMM13=00000000'00000000'00000000'00000000
00:00:03.714 XMM14=00000000'00000000'00000000'00000000  XMM15=00000000'00000000'00000000'00000000
00:00:03.714 EFER         =0000000000000000
00:00:03.714 PAT          =0007040600070406
00:00:03.714 STAR         =0000000000000000
00:00:03.714 CSTAR        =0000000000000000
00:00:03.714 LSTAR        =0000000000000000
00:00:03.714 SFMASK       =0000000000000000
00:00:03.714 KERNELGSBASE =0000000000000000
00:00:03.714 ***
00:00:03.714 Guest paging mode:  Real, changed 2 times, A20 enabled
00:00:03.714 Shadow paging mode: PAE
00:00:03.714 Host paging mode:   AMD64+G+NX
00:00:03.714 ***
00:00:03.714 Active Timers (pVM=00007f73133dd000)
00:00:03.714 pTimerR3         offNext  offPrev  offSched Clock               Time             Expire HzHint State                     Description
00:00:03.714 00007f7312ac7d00 00013620 00000000 00000000 Real              805876             804550      0 2-ACTIVE                  VGA Refresh Timer
00:00:03.714 00007f7312adb320 ffffff80 fffec9e0 00000000 Real              805876             804565      0 2-ACTIVE                  EMT Yielder
00:00:03.714 00007f7312adb2a0 00000000 00000080 00000000 Real              805876             805131      0 2-ACTIVE                  CPU Load Timer
00:00:03.714 00007f7312ad6bb0 00000000 00000000 00000000 Virt          1350322330         1351472912      0 2-ACTIVE                  Audio timer
00:00:03.714 00007f7312ab3b30 00000670 00000000 00000000 VrSy          1346660920         1358927169     64 2-ACTIVE                  i8254 Programmable Interval Timer
00:00:03.714 00007f7312ab41a0 00025e30 fffff990 00000000 VrSy          1346660920         1990000000      0 2-ACTIVE                  MC146818 RTC/CMOS - Second
00:00:03.714 00007f7312ad9fd0 00000000 fffda1d0 00000000 VrSy          1346660920      1199864031601      0 2-ACTIVE                  ACPI PM Timer
00:00:03.714 ***
00:00:03.714 Shadow GDT (GCAddr=ff854000):
00:00:03.714 ffd8 - 81180087 fe0089c0 - base=fec08118 limit=00000087 dpl=0 TSS32Avail Present 16-bit  HyperTSSTrap08
00:00:03.714 ffe0 - 80900087 fe008bc0 - base=fec08090 limit=00000087 dpl=0 TSS32Busy Present 16-bit  HyperTSS
00:00:03.714 ffe8 - 0000ffff 00af9b00 - base=00000000 limit=ffffffff dpl=0 CodeER Accessed Present Page 16-bit  HyperCS64
00:00:03.714 fff0 - 0000ffff 00cf9300 - base=00000000 limit=ffffffff dpl=0 DataRW Accessed Present Page 32-bit  HyperDS
00:00:03.714 fff8 - 0000ffff 00cf9b00 - base=00000000 limit=ffffffff dpl=0 CodeER Accessed Present Page 32-bit  HyperCS
00:00:03.714 ***
00:00:03.714 ***
00:00:03.714 ss:sp=0000:ffc8 0000:ffc0 TO 0000:100bf:
00:00:03.714 00000000135abc20 0000: 23 11 00 f0 46 02 37 12-86 02 00 00 13 bf 14 00 #...F.7.........
00:00:03.714 00000000135abc30 0010: 13 bf 14 00 01 00 00 00-3b 00 00 00 f4 ff 9c 15 ........;.......
00:00:03.714 00000000135abc40 0020: 7d 00 01 00 d0 07 00 02-01 01 00 00 11 00 bb 66 }..............f
00:00:03.714 00000000135abc50 0030: 00 00 c0 9f fa ff 08 18-00 00 f6 ff 9b e2 00 00 ................
00:00:03.714 00000000135abc60 0040: 00 00 00 00 00 00 00 00-00 00 00 00 00 00 00 00 ................
00:00:03.714 00000000135abc70 0050: 00 00 00 00 00 00 00 00-00 00 00 00 00 00 00 00 ................
00:00:03.714 00000000135abc80 0060: 00 00 00 00 00 00 00 00-00 00 00 00 00 00 00 00 ................
00:00:03.714 00000000135abc90 0070: 00 00 00 00 00 00 00 00-00 00 00 00 00 00 00 00 ................
00:00:03.714 00000000135abca0 0080: 00 00 00 00 00 00 00 00-00 00 00 00 00 00 00 00 ................
00:00:03.714 00000000135abcb0 0090: 00 00 00 00 00 00 00 00-00 00 00 00 00 00 00 00 ................
00:00:03.714 00000000135abcc0 00a0: 00 00 00 00 00 00 00 00-00 00 00 00 00 00 00 00 ................
00:00:03.714 00000000135abcd0 00b0: 00 00 00 00 00 00 00 00-00 00 00 00 00 00 00 00 ................
00:00:03.714 00000000135abce0 00c0: 00 00 00 00 00 00 00 00-00 00 00 00 00 00 00 00 ................
00:00:03.714 00000000135abcf0 00d0: 00 00 00 00 00 00 00 00-00 00 00 00 00 00 00 00 ................
00:00:03.714 00000000135abd00 00e0: 00 00 00 00 00 00 00 00-00 00 00 00 00 00 00 00 ................
00:00:03.714 00000000135abd10 00f0: 00 00 00 00 00 00 00 00-00 00 00 00 00 00 00 00 ................
00:00:03.714 2000:0000 TO 2000:01ff:
00:00:03.714 00000000135abc20 0000: 00 00 00 00 00 00 00 00-00 00 00 00 00 00 00 00 ................
00:00:03.714 00000000135abc30 0010: 00 00 00 00 00 00 00 00-00 00 00 00 00 00 00 00 ................
00:00:03.714 00000000135abc40 0020: 00 00 00 00 00 00 00 00-00 00 00 00 00 00 00 00 ................
00:00:03.714 00000000135abc50 0030: 00 00 00 00 00 00 00 00-00 00 00 00 00 00 00 00 ................
00:00:03.714 00000000135abc60 0040: 00 00 00 00 00 00 00 00-00 00 00 00 00 00 00 00 ................
00:00:03.714 00000000135abc70 0050: 00 00 00 00 00 00 00 00-00 00 00 00 00 00 00 00 ................
00:00:03.714 00000000135abc80 0060: 00 00 00 00 00 00 00 00-00 00 00 00 00 00 00 00 ................
00:00:03.714 00000000135abc90 0070: 00 00 00 00 00 00 00 00-00 00 00 00 00 00 00 00 ................
00:00:03.714 00000000135abca0 0080: 00 00 00 00 00 00 00 00-00 00 00 00 00 00 00 00 ................
00:00:03.714 00000000135abcb0 0090: 00 00 00 00 00 00 00 00-00 00 00 00 00 00 00 00 ................
00:00:03.714 00000000135abcc0 00a0: 00 00 00 00 00 00 00 00-00 00 00 00 00 00 00 00 ................
00:00:03.714 00000000135abcd0 00b0: 00 00 00 00 00 00 00 00-00 00 00 00 00 00 00 00 ................
00:00:03.714 00000000135abce0 00c0: 00 00 00 00 00 00 00 00-00 00 00 00 00 00 00 00 ................
00:00:03.714 00000000135abcf0 00d0: 00 00 00 00 00 00 00 00-00 00 00 00 00 00 00 00 ................
00:00:03.714 00000000135abd00 00e0: 00 00 00 00 00 00 00 00-00 00 00 00 00 00 00 00 ................
00:00:03.714 00000000135abd10 00f0: 00 00 00 00 00 00 00 00-00 00 00 00 00 00 00 00 ................
00:00:03.714 00000000135abd20 0100: 00 00 00 00 00 00 00 00-00 00 00 00 00 00 00 00 ................
00:00:03.714 00000000135abd30 0110: 00 00 00 00 00 00 00 00-00 00 00 00 00 00 00 00 ................
00:00:03.714 00000000135abd40 0120: 00 00 00 00 00 00 00 00-00 00 00 00 00 00 00 00 ................
00:00:03.714 00000000135abd50 0130: 00 00 00 00 00 00 00 00-00 00 00 00 00 00 00 00 ................
00:00:03.714 00000000135abd60 0140: 00 00 00 00 00 00 00 00-00 00 00 00 00 00 00 00 ................
00:00:03.714 00000000135abd70 0150: 00 00 00 00 00 00 00 00-00 00 00 00 00 00 00 00 ................
00:00:03.714 00000000135abd80 0160: 00 00 00 00 00 00 00 00-00 00 00 00 00 00 00 00 ................
00:00:03.714 00000000135abd90 0170: 00 00 00 00 00 00 00 00-00 00 00 00 00 00 00 00 ................
00:00:03.714 00000000135abda0 0180: 00 00 00 00 00 00 00 00-00 00 00 00 00 00 00 00 ................
00:00:03.714 00000000135abdb0 0190: 00 00 00 00 00 00 00 00-00 00 00 00 00 00 00 00 ................
00:00:03.714 00000000135abdc0 01a0: 00 00 00 00 00 00 00 00-00 00 00 00 00 00 00 00 ................
00:00:03.714 00000000135abdd0 01b0: 00 00 00 00 00 00 00 00-00 00 00 00 00 00 00 00 ................
00:00:03.714 00000000135abde0 01c0: 00 00 00 00 00 00 00 00-00 00 00 00 00 00 00 00 ................
00:00:03.714 00000000135abdf0 01d0: 00 00 00 00 00 00 00 00-00 00 00 00 00 00 00 00 ................
00:00:03.714 00000000135abe00 01e0: 00 00 00 00 00 00 00 00-00 00 00 00 00 00 00 00 ................
00:00:03.714 00000000135abe10 01f0: 00 00 00 00 00 00 00 00-00 00 00 00 00 00 00 00 ................
00:00:03.714 ************** End of Guest state at power off ***************
00:00:03.714 Changing the VM state from 'POWERING_OFF' to 'OFF'.
00:00:03.718 Changing the VM state from 'OFF' to 'DESTROYING'.
00:00:03.718 ************************* Statistics *************************
00:00:03.718 /Devices/E1k0/ReceiveBytes              0 bytes
00:00:03.718 /Devices/E1k0/TransmitBytes             0 bytes
00:00:03.718 /Devices/IDE0/ATA0/Unit0/AtapiDMA        0 times
00:00:03.718 /Devices/IDE0/ATA0/Unit0/AtapiPIO        0 times
00:00:03.718 /Devices/IDE0/ATA0/Unit0/DMA            0 times
00:00:03.718 /Devices/IDE0/ATA0/Unit0/PIO            0 times
00:00:03.718 /Devices/IDE0/ATA0/Unit0/ReadBytes        0 bytes
00:00:03.718 /Devices/IDE0/ATA0/Unit0/WrittenBytes        0 bytes
00:00:03.718 /Devices/IDE0/ATA0/Unit1/AtapiDMA        0 times
00:00:03.718 /Devices/IDE0/ATA0/Unit1/AtapiPIO        0 times
00:00:03.719 /Devices/IDE0/ATA0/Unit1/DMA            0 times
00:00:03.719 /Devices/IDE0/ATA0/Unit1/PIO            0 times
00:00:03.719 /Devices/IDE0/ATA0/Unit1/ReadBytes        0 bytes
00:00:03.719 /Devices/IDE0/ATA0/Unit1/WrittenBytes        0 bytes
00:00:03.719 /Devices/IDE0/ATA1/Unit0/AtapiDMA        0 times
00:00:03.719 /Devices/IDE0/ATA1/Unit0/AtapiPIO        0 times
00:00:03.719 /Devices/IDE0/ATA1/Unit0/DMA            0 times
00:00:03.719 /Devices/IDE0/ATA1/Unit0/PIO            0 times
00:00:03.719 /Devices/IDE0/ATA1/Unit0/ReadBytes        0 bytes
00:00:03.719 /Devices/IDE0/ATA1/Unit0/WrittenBytes        0 bytes
00:00:03.719 /Devices/IDE0/ATA1/Unit1/AtapiDMA        0 times
00:00:03.719 /Devices/IDE0/ATA1/Unit1/AtapiPIO        0 times
00:00:03.719 /Devices/IDE0/ATA1/Unit1/DMA            0 times
00:00:03.719 /Devices/IDE0/ATA1/Unit1/PIO            0 times
00:00:03.719 /Devices/IDE0/ATA1/Unit1/ReadBytes        0 bytes
00:00:03.719 /Devices/IDE0/ATA1/Unit1/WrittenBytes        0 bytes
00:00:03.719 /Devices/VMMDev/BalloonChunks           0 count
00:00:03.719 /FT/Checkpoint/Network                  0 times
00:00:03.719 /FT/Checkpoint/Storage                  0 times
00:00:03.719 /FT/Received/Mem                        0 bytes
00:00:03.719 /FT/Received/State                      0 bytes
00:00:03.719 /FT/Sent/Mem                            0 bytes
00:00:03.719 /FT/Sent/State                          0 bytes
00:00:03.719 /FT/Sync/DeltaMem                       0 times
00:00:03.719 /FT/Sync/DeltaVM                        0 times
00:00:03.719 /FT/Sync/Full                           0 times
00:00:03.719 /GVMM/EMTs                              1 calls
00:00:03.719 /GVMM/HostCPUs                          8 calls
00:00:03.719 /GVMM/HostCpus/0                        0 
00:00:03.719 /GVMM/HostCpus/0/CurTimerHz             0 Hz
00:00:03.719 /GVMM/HostCpus/0/DesiredHz              0 Hz
00:00:03.719 /GVMM/HostCpus/0/PPTChanges             0 times
00:00:03.719 /GVMM/HostCpus/0/PPTStarts              0 times
00:00:03.719 /GVMM/HostCpus/0/idxCpuSet              0 
00:00:03.719 /GVMM/HostCpus/1                        1 
00:00:03.719 /GVMM/HostCpus/1/CurTimerHz             0 Hz
00:00:03.719 /GVMM/HostCpus/1/DesiredHz              0 Hz
00:00:03.719 /GVMM/HostCpus/1/PPTChanges             0 times
00:00:03.719 /GVMM/HostCpus/1/PPTStarts              0 times
00:00:03.719 /GVMM/HostCpus/1/idxCpuSet              1 
00:00:03.719 /GVMM/HostCpus/2                        2 
00:00:03.719 /GVMM/HostCpus/2/CurTimerHz             0 Hz
00:00:03.719 /GVMM/HostCpus/2/DesiredHz              0 Hz
00:00:03.719 /GVMM/HostCpus/2/PPTChanges             0 times
00:00:03.719 /GVMM/HostCpus/2/PPTStarts              0 times
00:00:03.719 /GVMM/HostCpus/2/idxCpuSet              2 
00:00:03.719 /GVMM/HostCpus/3                        3 
00:00:03.719 /GVMM/HostCpus/3/CurTimerHz             0 Hz
00:00:03.719 /GVMM/HostCpus/3/DesiredHz              0 Hz
00:00:03.719 /GVMM/HostCpus/3/PPTChanges             0 times
00:00:03.719 /GVMM/HostCpus/3/PPTStarts              0 times
00:00:03.719 /GVMM/HostCpus/3/idxCpuSet              3 
00:00:03.719 /GVMM/HostCpus/4                        4 
00:00:03.719 /GVMM/HostCpus/4/CurTimerHz             0 Hz
00:00:03.719 /GVMM/HostCpus/4/DesiredHz              0 Hz
00:00:03.719 /GVMM/HostCpus/4/PPTChanges             0 times
00:00:03.719 /GVMM/HostCpus/4/PPTStarts              0 times
00:00:03.719 /GVMM/HostCpus/4/idxCpuSet              4 
00:00:03.719 /GVMM/HostCpus/5                        5 
00:00:03.719 /GVMM/HostCpus/5/CurTimerHz             0 Hz
00:00:03.719 /GVMM/HostCpus/5/DesiredHz              0 Hz
00:00:03.719 /GVMM/HostCpus/5/PPTChanges             0 times
00:00:03.719 /GVMM/HostCpus/5/PPTStarts              0 times
00:00:03.719 /GVMM/HostCpus/5/idxCpuSet              5 
00:00:03.719 /GVMM/HostCpus/6                        6 
00:00:03.719 /GVMM/HostCpus/6/CurTimerHz             0 Hz
00:00:03.719 /GVMM/HostCpus/6/DesiredHz              0 Hz
00:00:03.719 /GVMM/HostCpus/6/PPTChanges             0 times
00:00:03.719 /GVMM/HostCpus/6/PPTStarts              0 times
00:00:03.719 /GVMM/HostCpus/6/idxCpuSet              6 
00:00:03.719 /GVMM/HostCpus/7                        7 
00:00:03.719 /GVMM/HostCpus/7/CurTimerHz             0 Hz
00:00:03.719 /GVMM/HostCpus/7/DesiredHz              0 Hz
00:00:03.719 /GVMM/HostCpus/7/PPTChanges             0 times
00:00:03.719 /GVMM/HostCpus/7/PPTStarts              0 times
00:00:03.719 /GVMM/HostCpus/7/idxCpuSet              7 
00:00:03.719 /GVMM/Sum/HaltBlocking                434 calls
00:00:03.719 /GVMM/Sum/HaltCalls                   437 calls
00:00:03.719 /GVMM/Sum/HaltNotBlocking               3 calls
00:00:03.719 /GVMM/Sum/HaltTimeouts                317 calls
00:00:03.719 /GVMM/Sum/HaltWakeUps                   0 calls
00:00:03.719 /GVMM/Sum/PokeCalls                     0 calls
00:00:03.719 /GVMM/Sum/PokeNotBusy                   0 calls
00:00:03.719 /GVMM/Sum/PollCalls                     0 calls
00:00:03.719 /GVMM/Sum/PollHalts                     0 calls
00:00:03.719 /GVMM/Sum/PollWakeUps                   0 calls
00:00:03.719 /GVMM/Sum/WakeUpCalls                 117 calls
00:00:03.719 /GVMM/Sum/WakeUpNotHalted              84 calls
00:00:03.719 /GVMM/Sum/WakeUpWakeUps                 0 calls
00:00:03.719 /GVMM/VM/HaltBlocking                 434 calls
00:00:03.719 /GVMM/VM/HaltCalls                    437 calls
00:00:03.719 /GVMM/VM/HaltNotBlocking                3 calls
00:00:03.719 /GVMM/VM/HaltTimeouts                 317 calls
00:00:03.719 /GVMM/VM/HaltWakeUps                    0 calls
00:00:03.719 /GVMM/VM/PokeCalls                      0 calls
00:00:03.719 /GVMM/VM/PokeNotBusy                    0 calls
00:00:03.719 /GVMM/VM/PollCalls                      0 calls
00:00:03.719 /GVMM/VM/PollHalts                      0 calls
00:00:03.719 /GVMM/VM/PollWakeUps                    0 calls
00:00:03.719 /GVMM/VM/WakeUpCalls                  117 calls
00:00:03.719 /GVMM/VM/WakeUpNotHalted               84 calls
00:00:03.719 /GVMM/VM/WakeUpWakeUps                  0 calls
00:00:03.719 /GVMM/VMs                               1 calls
00:00:03.719 /MM/HyperHeap/cbFree              1053552 bytes
00:00:03.719 /MM/HyperHeap/cbHeap              1310400 bytes
00:00:03.719 /PDM/BlkCache/cbCached                  0 bytes
00:00:03.720 /PDM/BlkCache/cbCachedFru               0 bytes
00:00:03.720 /PDM/BlkCache/cbCachedMruIn             0 bytes
00:00:03.720 /PDM/BlkCache/cbCachedMruOut            0 bytes
00:00:03.720 /PDM/BlkCache/cbMax               5242880 bytes
00:00:03.720 /PDM/CritSects/8237A#0 Auto/ContentionR3        0 times
00:00:03.720 /PDM/CritSects/8237A#0 Auto/ContentionRZLock        0 times
00:00:03.720 /PDM/CritSects/8237A#0 Auto/ContentionRZUnlock        0 times
00:00:03.720 /PDM/CritSects/AHCI#0/ContentionR3        0 times
00:00:03.720 /PDM/CritSects/AHCI#0/ContentionRZLock        0 times
00:00:03.720 /PDM/CritSects/AHCI#0/ContentionRZUnlock        0 times
00:00:03.720 /PDM/CritSects/ATA#0/ContentionR3        0 times
00:00:03.720 /PDM/CritSects/ATA#0/ContentionRZLock        0 times
00:00:03.720 /PDM/CritSects/ATA#0/ContentionRZUnlock        0 times
00:00:03.720 /PDM/CritSects/ATA#1/ContentionR3        0 times
00:00:03.720 /PDM/CritSects/ATA#1/ContentionRZLock        0 times
00:00:03.720 /PDM/CritSects/ATA#1/ContentionRZUnlock        0 times
00:00:03.720 /PDM/CritSects/AudioSniffer#0 Auto/ContentionR3        0 times
00:00:03.720 /PDM/CritSects/AudioSniffer#0 Auto/ContentionRZLock        0 times
00:00:03.720 /PDM/CritSects/AudioSniffer#0 Auto/ContentionRZUnlock        0 times
00:00:03.720 /PDM/CritSects/E1000#0/ContentionR3        0 times
00:00:03.720 /PDM/CritSects/E1000#0/ContentionRZLock        0 times
00:00:03.720 /PDM/CritSects/E1000#0/ContentionRZUnlock        0 times
00:00:03.720 /PDM/CritSects/E1000#0RX/ContentionR3        0 times
00:00:03.720 /PDM/CritSects/E1000#0RX/ContentionRZLock        0 times
00:00:03.720 /PDM/CritSects/E1000#0RX/ContentionRZUnlock        0 times
00:00:03.720 /PDM/CritSects/EM-REM/ContentionR3        0 times
00:00:03.720 /PDM/CritSects/EM-REM/ContentionRZLock        0 times
00:00:03.720 /PDM/CritSects/EM-REM/ContentionRZUnlock        0 times
00:00:03.720 /PDM/CritSects/EmulatedATA0/ContentionR3        0 times
00:00:03.720 /PDM/CritSects/EmulatedATA0/ContentionRZLock        0 times
00:00:03.720 /PDM/CritSects/EmulatedATA0/ContentionRZUnlock        0 times
00:00:03.720 /PDM/CritSects/EmulatedATA1/ContentionR3        0 times
00:00:03.720 /PDM/CritSects/EmulatedATA1/ContentionRZLock        0 times
00:00:03.720 /PDM/CritSects/EmulatedATA1/ContentionRZUnlock        0 times
00:00:03.720 /PDM/CritSects/FTM/ContentionR3         0 times
00:00:03.720 /PDM/CritSects/FTM/ContentionRZLock        0 times
00:00:03.720 /PDM/CritSects/FTM/ContentionRZUnlock        0 times
00:00:03.720 /PDM/CritSects/IOM Lock/ContentionR3        0 times
00:00:03.720 /PDM/CritSects/IOM Lock/ContentionRZLock        0 times
00:00:03.720 /PDM/CritSects/IOM Lock/ContentionRZUnlock        0 times
00:00:03.720 /PDM/CritSects/MM-HYPER/ContentionR3        0 times
00:00:03.720 /PDM/CritSects/MM-HYPER/ContentionRZLock        0 times
00:00:03.720 /PDM/CritSects/MM-HYPER/ContentionRZUnlock        0 times
00:00:03.720 /PDM/CritSects/NOP/ContentionR3         0 times
00:00:03.720 /PDM/CritSects/NOP/ContentionRZLock        0 times
00:00:03.720 /PDM/CritSects/NOP/ContentionRZUnlock        0 times
00:00:03.720 /PDM/CritSects/PDM/ContentionR3         0 times
00:00:03.720 /PDM/CritSects/PDM/ContentionRZLock        0 times
00:00:03.720 /PDM/CritSects/PDM/ContentionRZUnlock        0 times
00:00:03.720 /PDM/CritSects/PGM/ContentionR3         0 times
00:00:03.720 /PDM/CritSects/PGM/ContentionRZLock        0 times
00:00:03.720 /PDM/CritSects/PGM/ContentionRZUnlock        0 times
00:00:03.720 /PDM/CritSects/PS2KM#0/ContentionR3        0 times
00:00:03.720 /PDM/CritSects/PS2KM#0/ContentionRZLock        0 times
00:00:03.720 /PDM/CritSects/PS2KM#0/ContentionRZUnlock        0 times
00:00:03.720 /PDM/CritSects/REM-Register/ContentionR3        0 times
00:00:03.720 /PDM/CritSects/REM-Register/ContentionRZLock        0 times
00:00:03.720 /PDM/CritSects/REM-Register/ContentionRZUnlock        0 times
00:00:03.720 /PDM/CritSects/TM Timer Lock/ContentionR3        0 times
00:00:03.720 /PDM/CritSects/TM Timer Lock/ContentionRZLock        0 times
00:00:03.720 /PDM/CritSects/TM Timer Lock/ContentionRZUnlock        0 times
00:00:03.720 /PDM/CritSects/TM VirtualSync Lock/ContentionR3        0 times
00:00:03.720 /PDM/CritSects/TM VirtualSync Lock/ContentionRZLock        0 times
00:00:03.720 /PDM/CritSects/TM VirtualSync Lock/ContentionRZUnlock        0 times
00:00:03.720 /PDM/CritSects/VGA#u/ContentionR3        0 times
00:00:03.720 /PDM/CritSects/VGA#u/ContentionRZLock        0 times
00:00:03.720 /PDM/CritSects/VGA#u/ContentionRZUnlock        0 times
00:00:03.720 /PDM/CritSects/VMMDev#0 Auto/ContentionR3        0 times
00:00:03.720 /PDM/CritSects/VMMDev#0 Auto/ContentionRZLock        0 times
00:00:03.720 /PDM/CritSects/VMMDev#0 Auto/ContentionRZUnlock        0 times
00:00:03.720 /PDM/CritSects/VMMDev#u/ContentionR3        0 times
00:00:03.720 /PDM/CritSects/VMMDev#u/ContentionRZLock        0 times
00:00:03.720 /PDM/CritSects/VMMDev#u/ContentionRZUnlock        0 times
00:00:03.720 /PDM/CritSects/acpi0/ContentionR3        0 times
00:00:03.720 /PDM/CritSects/acpi0/ContentionRZLock        0 times
00:00:03.720 /PDM/CritSects/acpi0/ContentionRZUnlock        0 times
00:00:03.720 /PDM/CritSects/ahci#0 Auto/ContentionR3        0 times
00:00:03.720 /PDM/CritSects/ahci#0 Auto/ContentionRZLock        0 times
00:00:03.720 /PDM/CritSects/ahci#0 Auto/ContentionRZUnlock        0 times
00:00:03.720 /PDM/CritSects/e1000#0 Auto/ContentionR3        0 times
00:00:03.720 /PDM/CritSects/e1000#0 Auto/ContentionRZLock        0 times
00:00:03.720 /PDM/CritSects/e1000#0 Auto/ContentionRZUnlock        0 times
00:00:03.720 /PDM/CritSects/i8259#0 Auto/ContentionR3        0 times
00:00:03.720 /PDM/CritSects/i8259#0 Auto/ContentionRZLock        0 times
00:00:03.720 /PDM/CritSects/i8259#0 Auto/ContentionRZUnlock        0 times
00:00:03.720 /PDM/CritSects/ichac97#0 Auto/ContentionR3        0 times
00:00:03.720 /PDM/CritSects/ichac97#0 Auto/ContentionRZLock        0 times
00:00:03.720 /PDM/CritSects/ichac97#0 Auto/ContentionRZUnlock        0 times
00:00:03.720 /PDM/CritSects/mc146818#0 Auto/ContentionR3        0 times
00:00:03.720 /PDM/CritSects/mc146818#0 Auto/ContentionRZLock        0 times
00:00:03.720 /PDM/CritSects/mc146818#0 Auto/ContentionRZUnlock        0 times
00:00:03.720 /PDM/CritSects/pcarch#0 Auto/ContentionR3        0 times
00:00:03.720 /PDM/CritSects/pcarch#0 Auto/ContentionRZLock        0 times
00:00:03.720 /PDM/CritSects/pcarch#0 Auto/ContentionRZUnlock        0 times
00:00:03.720 /PDM/CritSects/pcbios#0 Auto/ContentionR3        0 times
00:00:03.720 /PDM/CritSects/pcbios#0 Auto/ContentionRZLock        0 times
00:00:03.720 /PDM/CritSects/pcbios#0 Auto/ContentionRZUnlock        0 times
00:00:03.720 /PDM/CritSects/pci#0 Auto/ContentionR3        0 times
00:00:03.720 /PDM/CritSects/pci#0 Auto/ContentionRZLock        0 times
00:00:03.720 /PDM/CritSects/pci#0 Auto/ContentionRZUnlock        0 times
00:00:03.720 /PDM/CritSects/pckbd#0 Auto/ContentionR3        0 times
00:00:03.721 /PDM/CritSects/pckbd#0 Auto/ContentionRZLock        0 times
00:00:03.721 /PDM/CritSects/pckbd#0 Auto/ContentionRZUnlock        0 times
00:00:03.721 /PDM/CritSects/piix3ide#0 Auto/ContentionR3        0 times
00:00:03.721 /PDM/CritSects/piix3ide#0 Auto/ContentionRZLock        0 times
00:00:03.721 /PDM/CritSects/piix3ide#0 Auto/ContentionRZUnlock        0 times
00:00:03.721 /PDM/CritSects/pit/ContentionR3         0 times
00:00:03.721 /PDM/CritSects/pit/ContentionRZLock        0 times
00:00:03.721 /PDM/CritSects/pit/ContentionRZUnlock        0 times
00:00:03.721 /PDM/CritSects/usb-ohci#0 Auto/ContentionR3        0 times
00:00:03.721 /PDM/CritSects/usb-ohci#0 Auto/ContentionRZLock        0 times
00:00:03.721 /PDM/CritSects/usb-ohci#0 Auto/ContentionRZUnlock        0 times
00:00:03.721 /PDM/CritSects/vga#0 Auto/ContentionR3        0 times
00:00:03.721 /PDM/CritSects/vga#0 Auto/ContentionRZLock        0 times
00:00:03.721 /PDM/CritSects/vga#0 Auto/ContentionRZUnlock        0 times
00:00:03.721 /PDM/Queue/AHCI-Xmit/AllocFailures        0 times
00:00:03.721 /PDM/Queue/AHCI-Xmit/Flush              0 calls
00:00:03.721 /PDM/Queue/AHCI-Xmit/FlushLeftovers        0 times
00:00:03.721 /PDM/Queue/AHCI-Xmit/Insert             0 calls
00:00:03.721 /PDM/Queue/AHCI-Xmit/cItems            60 count
00:00:03.721 /PDM/Queue/AHCI-Xmit/cbItem            32 bytes
00:00:03.721 /PDM/Queue/DevHlp/AllocFailures         0 times
00:00:03.721 /PDM/Queue/DevHlp/Flush                 0 calls
00:00:03.721 /PDM/Queue/DevHlp/FlushLeftovers        0 times
00:00:03.721 /PDM/Queue/DevHlp/Insert                0 calls
00:00:03.721 /PDM/Queue/DevHlp/cItems                8 count
00:00:03.721 /PDM/Queue/DevHlp/cbItem               48 bytes
00:00:03.721 /PDM/Queue/E1000-Rcv/AllocFailures        0 times
00:00:03.721 /PDM/Queue/E1000-Rcv/Flush              0 calls
00:00:03.721 /PDM/Queue/E1000-Rcv/FlushLeftovers        0 times
00:00:03.721 /PDM/Queue/E1000-Rcv/Insert             0 calls
00:00:03.721 /PDM/Queue/E1000-Rcv/cItems             1 count
00:00:03.721 /PDM/Queue/E1000-Rcv/cbItem            24 bytes
00:00:03.721 /PDM/Queue/E1000-Xmit/AllocFailures        0 times
00:00:03.721 /PDM/Queue/E1000-Xmit/Flush             0 calls
00:00:03.721 /PDM/Queue/E1000-Xmit/FlushLeftovers        0 times
00:00:03.721 /PDM/Queue/E1000-Xmit/Insert            0 calls
00:00:03.721 /PDM/Queue/E1000-Xmit/cItems            1 count
00:00:03.721 /PDM/Queue/E1000-Xmit/cbItem           24 bytes
00:00:03.721 /PDM/Queue/Keyboard/AllocFailures        0 times
00:00:03.721 /PDM/Queue/Keyboard/Flush               0 calls
00:00:03.721 /PDM/Queue/Keyboard/FlushLeftovers        0 times
00:00:03.721 /PDM/Queue/Keyboard/Insert              0 calls
00:00:03.721 /PDM/Queue/Keyboard/cItems             64 count
00:00:03.721 /PDM/Queue/Keyboard/cbItem             32 bytes
00:00:03.721 /PDM/Queue/Mouse/AllocFailures          0 times
00:00:03.721 /PDM/Queue/Mouse/Flush                  0 calls
00:00:03.721 /PDM/Queue/Mouse/FlushLeftovers         0 times
00:00:03.721 /PDM/Queue/Mouse/Insert                 0 calls
00:00:03.721 /PDM/Queue/Mouse/cItems               128 count
00:00:03.721 /PDM/Queue/Mouse/cbItem                56 bytes
00:00:03.721 /PDM/Queue/Mouse_1/AllocFailures        0 times
00:00:03.721 /PDM/Queue/Mouse_1/Flush                0 calls
00:00:03.721 /PDM/Queue/Mouse_1/FlushLeftovers        0 times
00:00:03.721 /PDM/Queue/Mouse_1/Insert               0 calls
00:00:03.721 /PDM/Queue/Mouse_1/cItems             128 count
00:00:03.721 /PDM/Queue/Mouse_1/cbItem              56 bytes
00:00:03.721 /PGM/CPU0/cGuestModeChanges             2 times
00:00:03.721 /PGM/ChunkR3Map/Mapped                  1 count
00:00:03.721 /PGM/ChunkR3Map/Unmapped                0 count
00:00:03.721 /PGM/ChunkR3Map/c                       1 count
00:00:03.721 /PGM/ChunkR3Map/cMax             4294967295 count
00:00:03.721 /PGM/LargePage/Recheck                  0 times
00:00:03.721 /PGM/LargePage/Refused                  0 times
00:00:03.721 /PGM/LargePage/Reused                   0 times
00:00:03.721 /PGM/Page/cAllPages                699462 count
00:00:03.721 /PGM/Page/cBalloonedPages               0 count
00:00:03.721 /PGM/Page/cHandyPages                  58 count
00:00:03.721 /PGM/Page/cLargePages                   0 count
00:00:03.721 /PGM/Page/cLargePagesDisabled           0 count
00:00:03.721 /PGM/Page/cMonitoredPages               0 count
00:00:03.721 /PGM/Page/cPrivatePages              4347 count
00:00:03.721 /PGM/Page/cPureMmioPages               36 count
00:00:03.721 /PGM/Page/cReadLockedPages              0 count
00:00:03.721 /PGM/Page/cReusedSharedPages            0 count
00:00:03.721 /PGM/Page/cSharedPages                  0 count
00:00:03.721 /PGM/Page/cWriteLockedPages             0 count
00:00:03.721 /PGM/Page/cWrittenToPages               0 count
00:00:03.721 /PGM/Page/cZeroPages               695079 count
00:00:03.721 /PGM/cRelocations                       0 times
00:00:03.721 /PROF/CPU0/EM/Capped                    0 ticks/call (           0 ticks,       0 times, max         0, min      -1)
00:00:03.721 /PROF/CPU0/EM/ForcedActions            91 times
00:00:03.721 /PROF/CPU0/EM/Halted                   88 times
00:00:03.721 /PROF/CPU0/EM/RAWTotal                  0 times
00:00:03.721 /PROF/CPU0/EM/REMTotal                 84 times
00:00:03.721 /PROF/CPU0/EM/Total              2156482326 ticks/call (  2156482326 ticks,       1 times, max 2156482326, min 2156482326)
00:00:03.721 /PROF/VM/CPU0/Halt/Block          2941771 ns/call (  1262020052 ticks,     429 times, max   5334034, min    3485)
00:00:03.721 /PROF/VM/CPU0/Halt/BlockInsomnia        0 ns/call (           0 ticks,       0 times, max         0, min      -1)
00:00:03.721 /PROF/VM/CPU0/Halt/BlockOnTime          0 ns/call (           0 ticks,       0 times, max         0, min      -1)
00:00:03.721 /PROF/VM/CPU0/Halt/BlockOverslept        0 ns/call (           0 ticks,       0 times, max         0, min      -1)
00:00:03.721 /PROF/VM/CPU0/Halt/Timers           10860 ns/call (     5615020 ticks,     517 times, max    433448, min    1123)
00:00:03.721 /PROF/VM/CPU0/Halt/Yield                0 ns/call (           0 ticks,       0 times, max         0, min      -1)
00:00:03.721 /REM/TbFlushCount                       0 times
00:00:03.722 /REM/TbPhysInvldCount                   0 times
00:00:03.722 /REM/TlbFlushCount                      4 times
00:00:03.722 /TM/CPU/00/cNsExecuting          74762279 ns
00:00:03.722 /TM/CPU/00/cNsHalted             1268187568 ns
00:00:03.722 /TM/CPU/00/cNsOther               7375418 ns
00:00:03.722 /TM/CPU/00/cNsTotal              1350325265 ns
00:00:03.722 /TM/CPU/00/cPeriodsExecuting           86 count
00:00:03.722 /TM/CPU/00/cPeriodsHalted              88 count
00:00:03.722 /TM/CPU/00/pctExecuting                 8 %
00:00:03.722 /TM/CPU/00/pctHalted                   91 %
00:00:03.722 /TM/CPU/00/pctOther                     0 %
00:00:03.722 /TM/CPU/pctExecuting                    8 %
00:00:03.722 /TM/CPU/pctHalted                      91 %
00:00:03.722 /TM/CPU/pctOther                        0 %
00:00:03.722 /TM/MaxHzHint                           0 Hz
00:00:03.722 /TM/TSC/offCPU0                         0 ticks
00:00:03.722 /TM/VirtualSync/CurrentOffset      726742 ns
00:00:03.722 /VUSB/0/cUrbsInPool                     0 count
00:00:03.722 ********************* End of statistics **********************
00:00:03.726 NAT: zone(nm:mbuf, used:0)
00:00:03.726 NAT: zone(nm:mbuf_cluster, used:0)
00:00:03.726 NAT: zone(nm:mbuf_packet, used:0)
00:00:03.726 NAT: zone(nm:mbuf_jumbo_pagesize, used:0)
00:00:03.726 NAT: zone(nm:mbuf_jumbo_9k, used:0)
00:00:03.726 NAT: zone(nm:mbuf_jumbo_16k, used:0)
00:00:03.737 Changing the VM state from 'DESTROYING' to 'TERMINATED'.
