2012-03-23 11:37:23,356 - ubuntuone.credentials - DEBUG - find_credentials: args (<ubuntuone.platform.credentials.CredentialsManagementTool object at 0x2703fd0>,), kwargs {}.
2012-03-23 11:37:23,372 - ubuntuone.credentials - DEBUG - find_credentials: result '<hidden result>'.
2012-03-23 11:37:24,073 - ubuntuone.credentials - INFO - Starting Ubuntu One login manager for bus u'com.ubuntuone.Credentials'.
2012-03-23 11:37:24,080 - ubuntuone.credentials - DEBUG - ref_count is 0, changing value to 1.
2012-03-23 11:37:24,081 - ubuntuone.credentials - DEBUG - ref_count is 1, changing value to 2.
2012-03-23 11:37:25,223 - ubuntuone.credentials - DEBUG - Handling DBus signal for member: u'CredentialsNotFound', app_name: dbus.String(u'Ubuntu One').
2012-03-23 11:37:25,224 - ubuntuone.credentials - DEBUG - ref_count is 2, changing value to 1.
2012-03-23 11:37:25,224 - ubuntuone.credentials - INFO - CredentialsManagement: emitting CredentialsNotFound.
2012-03-23 11:37:25,227 - ubuntuone.credentials - DEBUG - cleanup: removing signal match <<class 'dbus.connection.SignalMatch'> at 2412950 "type='signal',sender='com.ubuntuone.Credentials',path='/credentials',interface='com.ubuntuone.CredentialsManagement',member='CredentialsFound'" on conn <dbus._dbus.SessionBus (session) at 0x20801d0>>
2012-03-23 11:37:25,228 - ubuntuone.credentials - DEBUG - cleanup: removing signal match <<class 'dbus.connection.SignalMatch'> at 2412ad0 "type='signal',sender='com.ubuntuone.Credentials',path='/credentials',interface='com.ubuntuone.CredentialsManagement',member='CredentialsNotFound'" on conn <dbus._dbus.SessionBus (session) at 0x20801d0>>
2012-03-23 11:37:25,228 - ubuntuone.credentials - DEBUG - cleanup: removing signal match <<class 'dbus.connection.SignalMatch'> at 2412c50 "type='signal',sender='com.ubuntuone.Credentials',path='/credentials',interface='com.ubuntuone.CredentialsManagement',member='CredentialsError'" on conn <dbus._dbus.SessionBus (session) at 0x20801d0>>
2012-03-23 11:37:25,231 - ubuntuone.credentials - DEBUG - Handling DBus signal for member: u'CredentialsNotFound', app_name: dbus.String(u'Ubuntu One').
2012-03-23 11:37:25,231 - ubuntuone.credentials - DEBUG - ref_count is 1, changing value to 0.
2012-03-23 11:37:25,232 - ubuntuone.credentials - DEBUG - Setting up timer with <built-in function timeout_add> (10000, <bound method CredentialsManagement.shutdown of <ubuntuone.platform.credentials.linux.CredentialsManagement at /credentials at 0x1359dd0>>).
2012-03-23 11:37:25,232 - ubuntuone.credentials - INFO - CredentialsManagement: emitting CredentialsNotFound.
2012-03-23 11:37:35,239 - ubuntuone.credentials - DEBUG - shutdown!, ref_count is 0.
2012-03-23 11:37:35,239 - ubuntuone.credentials - INFO - Shutting down, calling <built-in method quit of glib.MainLoop object at 0x7f596dde8b70>.
2012-03-23 15:11:16,554 - ubuntuone.credentials - DEBUG - find_credentials: args (<ubuntuone.platform.credentials.CredentialsManagementTool object at 0x2305fd0>,), kwargs {}.
2012-03-23 15:11:16,695 - ubuntuone.credentials - DEBUG - find_credentials: result '<hidden result>'.
2012-03-23 15:11:17,301 - ubuntuone.credentials - INFO - Starting Ubuntu One login manager for bus u'com.ubuntuone.Credentials'.
2012-03-23 15:11:17,307 - ubuntuone.credentials - DEBUG - ref_count is 0, changing value to 1.
2012-03-23 15:11:17,308 - ubuntuone.credentials - DEBUG - ref_count is 1, changing value to 2.
2012-03-23 15:11:18,640 - ubuntuone.credentials - DEBUG - Handling DBus signal for member: u'CredentialsNotFound', app_name: dbus.String(u'Ubuntu One').
2012-03-23 15:11:18,641 - ubuntuone.credentials - DEBUG - ref_count is 2, changing value to 1.
2012-03-23 15:11:18,641 - ubuntuone.credentials - INFO - CredentialsManagement: emitting CredentialsNotFound.
2012-03-23 15:11:18,641 - ubuntuone.credentials - DEBUG - Handling DBus signal for member: u'CredentialsNotFound', app_name: dbus.String(u'Ubuntu One').
2012-03-23 15:11:18,642 - ubuntuone.credentials - DEBUG - ref_count is 1, changing value to 0.
2012-03-23 15:11:18,642 - ubuntuone.credentials - DEBUG - Setting up timer with <built-in function timeout_add> (10000, <bound method CredentialsManagement.shutdown of <ubuntuone.platform.credentials.linux.CredentialsManagement at /credentials at 0x1d9bdd0>>).
2012-03-23 15:11:18,642 - ubuntuone.credentials - DEBUG - cleanup: removing signal match <<class 'dbus.connection.SignalMatch'> at 2015950 "type='signal',sender='com.ubuntuone.Credentials',path='/credentials',interface='com.ubuntuone.CredentialsManagement',member='CredentialsFound'" on conn <dbus._dbus.SessionBus (session) at 0x1c85170>>
2012-03-23 15:11:18,642 - ubuntuone.credentials - INFO - CredentialsManagement: emitting CredentialsNotFound.
2012-03-23 15:11:18,643 - ubuntuone.credentials - DEBUG - cleanup: removing signal match <<class 'dbus.connection.SignalMatch'> at 2015ad0 "type='signal',sender='com.ubuntuone.Credentials',path='/credentials',interface='com.ubuntuone.CredentialsManagement',member='CredentialsNotFound'" on conn <dbus._dbus.SessionBus (session) at 0x1c85170>>
2012-03-23 15:11:18,644 - ubuntuone.credentials - DEBUG - cleanup: removing signal match <<class 'dbus.connection.SignalMatch'> at 2015c50 "type='signal',sender='com.ubuntuone.Credentials',path='/credentials',interface='com.ubuntuone.CredentialsManagement',member='CredentialsError'" on conn <dbus._dbus.SessionBus (session) at 0x1c85170>>
2012-03-23 15:11:28,653 - ubuntuone.credentials - DEBUG - shutdown!, ref_count is 0.
2012-03-23 15:11:28,653 - ubuntuone.credentials - INFO - Shutting down, calling <built-in method quit of glib.MainLoop object at 0x7f4f78c36b70>.
2012-03-24 12:54:14,505 - ubuntuone.credentials - DEBUG - find_credentials: args (<ubuntuone.platform.credentials.CredentialsManagementTool object at 0x22e5fd0>,), kwargs {}.
2012-03-24 12:54:14,527 - ubuntuone.credentials - DEBUG - find_credentials: result '<hidden result>'.
2012-03-24 12:54:15,328 - ubuntuone.credentials - INFO - Starting Ubuntu One login manager for bus u'com.ubuntuone.Credentials'.
2012-03-24 12:54:15,339 - ubuntuone.credentials - DEBUG - ref_count is 0, changing value to 1.
2012-03-24 12:54:15,339 - ubuntuone.credentials - DEBUG - ref_count is 1, changing value to 2.
2012-03-24 12:54:16,296 - ubuntuone.credentials - DEBUG - Handling DBus signal for member: u'CredentialsNotFound', app_name: dbus.String(u'Ubuntu One').
2012-03-24 12:54:16,297 - ubuntuone.credentials - DEBUG - ref_count is 2, changing value to 1.
2012-03-24 12:54:16,297 - ubuntuone.credentials - INFO - CredentialsManagement: emitting CredentialsNotFound.
2012-03-24 12:54:16,298 - ubuntuone.credentials - DEBUG - Handling DBus signal for member: u'CredentialsNotFound', app_name: dbus.String(u'Ubuntu One').
2012-03-24 12:54:16,298 - ubuntuone.credentials - DEBUG - ref_count is 1, changing value to 0.
2012-03-24 12:54:16,298 - ubuntuone.credentials - DEBUG - cleanup: removing signal match <<class 'dbus.connection.SignalMatch'> at 1ff5950 "type='signal',sender='com.ubuntuone.Credentials',path='/credentials',interface='com.ubuntuone.CredentialsManagement',member='CredentialsFound'" on conn <dbus._dbus.SessionBus (session) at 0x1c65170>>
2012-03-24 12:54:16,299 - ubuntuone.credentials - DEBUG - Setting up timer with <built-in function timeout_add> (10000, <bound method CredentialsManagement.shutdown of <ubuntuone.platform.credentials.linux.CredentialsManagement at /credentials at 0x11bfdd0>>).
2012-03-24 12:54:16,299 - ubuntuone.credentials - DEBUG - cleanup: removing signal match <<class 'dbus.connection.SignalMatch'> at 1ff5ad0 "type='signal',sender='com.ubuntuone.Credentials',path='/credentials',interface='com.ubuntuone.CredentialsManagement',member='CredentialsNotFound'" on conn <dbus._dbus.SessionBus (session) at 0x1c65170>>
2012-03-24 12:54:16,299 - ubuntuone.credentials - INFO - CredentialsManagement: emitting CredentialsNotFound.
2012-03-24 12:54:16,300 - ubuntuone.credentials - DEBUG - cleanup: removing signal match <<class 'dbus.connection.SignalMatch'> at 1ff5c50 "type='signal',sender='com.ubuntuone.Credentials',path='/credentials',interface='com.ubuntuone.CredentialsManagement',member='CredentialsError'" on conn <dbus._dbus.SessionBus (session) at 0x1c65170>>
2012-03-24 12:54:26,310 - ubuntuone.credentials - DEBUG - shutdown!, ref_count is 0.
2012-03-24 12:54:26,310 - ubuntuone.credentials - INFO - Shutting down, calling <built-in method quit of glib.MainLoop object at 0x7fef95de1b70>.
2012-03-24 13:03:12,809 - ubuntuone.credentials - DEBUG - find_credentials: args (<ubuntuone.platform.credentials.CredentialsManagementTool object at 0x2860fd0>,), kwargs {}.
2012-03-24 13:03:12,831 - ubuntuone.credentials - DEBUG - find_credentials: result '<hidden result>'.
2012-03-24 13:03:13,320 - ubuntuone.credentials - INFO - Starting Ubuntu One login manager for bus u'com.ubuntuone.Credentials'.
2012-03-24 13:03:13,327 - ubuntuone.credentials - DEBUG - ref_count is 0, changing value to 1.
2012-03-24 13:03:13,328 - ubuntuone.credentials - DEBUG - ref_count is 1, changing value to 2.
2012-03-24 13:03:13,887 - ubuntuone.credentials - DEBUG - Handling DBus signal for member: u'CredentialsNotFound', app_name: dbus.String(u'Ubuntu One').
2012-03-24 13:03:13,887 - ubuntuone.credentials - DEBUG - ref_count is 2, changing value to 1.
2012-03-24 13:03:13,888 - ubuntuone.credentials - INFO - CredentialsManagement: emitting CredentialsNotFound.
2012-03-24 13:03:13,888 - ubuntuone.credentials - DEBUG - Handling DBus signal for member: u'CredentialsNotFound', app_name: dbus.String(u'Ubuntu One').
2012-03-24 13:03:13,889 - ubuntuone.credentials - DEBUG - ref_count is 1, changing value to 0.
2012-03-24 13:03:13,889 - ubuntuone.credentials - DEBUG - Setting up timer with <built-in function timeout_add> (10000, <bound method CredentialsManagement.shutdown of <ubuntuone.platform.credentials.linux.CredentialsManagement at /credentials at 0x26b4dd0>>).
2012-03-24 13:03:13,889 - ubuntuone.credentials - DEBUG - cleanup: removing signal match <<class 'dbus.connection.SignalMatch'> at 2570950 "type='signal',sender='com.ubuntuone.Credentials',path='/credentials',interface='com.ubuntuone.CredentialsManagement',member='CredentialsFound'" on conn <dbus._dbus.SessionBus (session) at 0x21df170>>
2012-03-24 13:03:13,890 - ubuntuone.credentials - INFO - CredentialsManagement: emitting CredentialsNotFound.
2012-03-24 13:03:13,890 - ubuntuone.credentials - DEBUG - cleanup: removing signal match <<class 'dbus.connection.SignalMatch'> at 2570ad0 "type='signal',sender='com.ubuntuone.Credentials',path='/credentials',interface='com.ubuntuone.CredentialsManagement',member='CredentialsNotFound'" on conn <dbus._dbus.SessionBus (session) at 0x21df170>>
2012-03-24 13:03:13,891 - ubuntuone.credentials - DEBUG - cleanup: removing signal match <<class 'dbus.connection.SignalMatch'> at 2570c50 "type='signal',sender='com.ubuntuone.Credentials',path='/credentials',interface='com.ubuntuone.CredentialsManagement',member='CredentialsError'" on conn <dbus._dbus.SessionBus (session) at 0x21df170>>
2012-03-24 13:03:23,899 - ubuntuone.credentials - DEBUG - shutdown!, ref_count is 0.
2012-03-24 13:03:23,899 - ubuntuone.credentials - INFO - Shutting down, calling <built-in method quit of glib.MainLoop object at 0x7feb86000b70>.
2012-03-24 13:15:55,016 - ubuntuone.credentials - DEBUG - find_credentials: args (<ubuntuone.platform.credentials.CredentialsManagementTool object at 0x29cafd0>,), kwargs {}.
2012-03-24 13:15:55,031 - ubuntuone.credentials - DEBUG - find_credentials: result '<hidden result>'.
2012-03-24 13:15:55,527 - ubuntuone.credentials - INFO - Starting Ubuntu One login manager for bus u'com.ubuntuone.Credentials'.
2012-03-24 13:15:55,534 - ubuntuone.credentials - DEBUG - ref_count is 0, changing value to 1.
2012-03-24 13:15:55,535 - ubuntuone.credentials - DEBUG - ref_count is 1, changing value to 2.
2012-03-24 13:15:56,115 - ubuntuone.credentials - DEBUG - Handling DBus signal for member: u'CredentialsNotFound', app_name: dbus.String(u'Ubuntu One').
2012-03-24 13:15:56,115 - ubuntuone.credentials - DEBUG - ref_count is 2, changing value to 1.
2012-03-24 13:15:56,116 - ubuntuone.credentials - INFO - CredentialsManagement: emitting CredentialsNotFound.
2012-03-24 13:15:56,118 - ubuntuone.credentials - DEBUG - cleanup: removing signal match <<class 'dbus.connection.SignalMatch'> at 26da950 "type='signal',sender='com.ubuntuone.Credentials',path='/credentials',interface='com.ubuntuone.CredentialsManagement',member='CredentialsFound'" on conn <dbus._dbus.SessionBus (session) at 0x234a170>>
2012-03-24 13:15:56,118 - ubuntuone.credentials - DEBUG - Handling DBus signal for member: u'CredentialsNotFound', app_name: dbus.String(u'Ubuntu One').
2012-03-24 13:15:56,118 - ubuntuone.credentials - DEBUG - cleanup: removing signal match <<class 'dbus.connection.SignalMatch'> at 26daad0 "type='signal',sender='com.ubuntuone.Credentials',path='/credentials',interface='com.ubuntuone.CredentialsManagement',member='CredentialsNotFound'" on conn <dbus._dbus.SessionBus (session) at 0x234a170>>
2012-03-24 13:15:56,118 - ubuntuone.credentials - DEBUG - ref_count is 1, changing value to 0.
2012-03-24 13:15:56,119 - ubuntuone.credentials - DEBUG - Setting up timer with <built-in function timeout_add> (10000, <bound method CredentialsManagement.shutdown of <ubuntuone.platform.credentials.linux.CredentialsManagement at /credentials at 0x1718dd0>>).
2012-03-24 13:15:56,119 - ubuntuone.credentials - DEBUG - cleanup: removing signal match <<class 'dbus.connection.SignalMatch'> at 26dac50 "type='signal',sender='com.ubuntuone.Credentials',path='/credentials',interface='com.ubuntuone.CredentialsManagement',member='CredentialsError'" on conn <dbus._dbus.SessionBus (session) at 0x234a170>>
2012-03-24 13:15:56,120 - ubuntuone.credentials - INFO - CredentialsManagement: emitting CredentialsNotFound.
2012-03-24 13:16:06,130 - ubuntuone.credentials - DEBUG - shutdown!, ref_count is 0.
2012-03-24 13:16:06,131 - ubuntuone.credentials - INFO - Shutting down, calling <built-in method quit of glib.MainLoop object at 0x7f2c12d18b70>.
2012-03-24 17:47:28,050 - ubuntuone.credentials - DEBUG - find_credentials: args (<ubuntuone.platform.credentials.CredentialsManagementTool object at 0x1c57fd0>,), kwargs {}.
2012-03-24 17:47:28,078 - ubuntuone.credentials - DEBUG - find_credentials: result '<hidden result>'.
2012-03-24 17:47:28,657 - ubuntuone.credentials - INFO - Starting Ubuntu One login manager for bus u'com.ubuntuone.Credentials'.
2012-03-24 17:47:28,663 - ubuntuone.credentials - DEBUG - ref_count is 0, changing value to 1.
2012-03-24 17:47:28,664 - ubuntuone.credentials - DEBUG - ref_count is 1, changing value to 2.
2012-03-24 17:47:29,507 - ubuntuone.credentials - DEBUG - Handling DBus signal for member: u'CredentialsNotFound', app_name: dbus.String(u'Ubuntu One').
2012-03-24 17:47:29,507 - ubuntuone.credentials - DEBUG - ref_count is 2, changing value to 1.
2012-03-24 17:47:29,508 - ubuntuone.credentials - INFO - CredentialsManagement: emitting CredentialsNotFound.
2012-03-24 17:47:29,508 - ubuntuone.credentials - DEBUG - Handling DBus signal for member: u'CredentialsNotFound', app_name: dbus.String(u'Ubuntu One').
2012-03-24 17:47:29,509 - ubuntuone.credentials - DEBUG - ref_count is 1, changing value to 0.
2012-03-24 17:47:29,509 - ubuntuone.credentials - DEBUG - cleanup: removing signal match <<class 'dbus.connection.SignalMatch'> at 1967950 "type='signal',sender='com.ubuntuone.Credentials',path='/credentials',interface='com.ubuntuone.CredentialsManagement',member='CredentialsFound'" on conn <dbus._dbus.SessionBus (session) at 0x15d6170>>
2012-03-24 17:47:29,509 - ubuntuone.credentials - DEBUG - Setting up timer with <built-in function timeout_add> (10000, <bound method CredentialsManagement.shutdown of <ubuntuone.platform.credentials.linux.CredentialsManagement at /credentials at 0x25ffdd0>>).
2012-03-24 17:47:29,510 - ubuntuone.credentials - DEBUG - cleanup: removing signal match <<class 'dbus.connection.SignalMatch'> at 1967ad0 "type='signal',sender='com.ubuntuone.Credentials',path='/credentials',interface='com.ubuntuone.CredentialsManagement',member='CredentialsNotFound'" on conn <dbus._dbus.SessionBus (session) at 0x15d6170>>
2012-03-24 17:47:29,510 - ubuntuone.credentials - INFO - CredentialsManagement: emitting CredentialsNotFound.
2012-03-24 17:47:29,510 - ubuntuone.credentials - DEBUG - cleanup: removing signal match <<class 'dbus.connection.SignalMatch'> at 1967c50 "type='signal',sender='com.ubuntuone.Credentials',path='/credentials',interface='com.ubuntuone.CredentialsManagement',member='CredentialsError'" on conn <dbus._dbus.SessionBus (session) at 0x15d6170>>
2012-03-24 17:47:39,517 - ubuntuone.credentials - DEBUG - shutdown!, ref_count is 0.
2012-03-24 17:47:39,518 - ubuntuone.credentials - INFO - Shutting down, calling <built-in method quit of glib.MainLoop object at 0x7f62373d1b70>.
2012-03-24 21:40:22,310 - ubuntuone.credentials - DEBUG - find_credentials: args (<ubuntuone.platform.credentials.CredentialsManagementTool object at 0x1cd5fd0>,), kwargs {}.
2012-03-24 21:40:22,340 - ubuntuone.credentials - DEBUG - find_credentials: result '<hidden result>'.
2012-03-24 21:40:22,910 - ubuntuone.credentials - INFO - Starting Ubuntu One login manager for bus u'com.ubuntuone.Credentials'.
2012-03-24 21:40:22,919 - ubuntuone.credentials - DEBUG - ref_count is 0, changing value to 1.
2012-03-24 21:40:22,920 - ubuntuone.credentials - DEBUG - ref_count is 1, changing value to 2.
2012-03-24 21:40:23,941 - ubuntuone.credentials - DEBUG - Handling DBus signal for member: u'CredentialsNotFound', app_name: dbus.String(u'Ubuntu One').
2012-03-24 21:40:23,942 - ubuntuone.credentials - DEBUG - ref_count is 2, changing value to 1.
2012-03-24 21:40:23,942 - ubuntuone.credentials - INFO - CredentialsManagement: emitting CredentialsNotFound.
2012-03-24 21:40:23,943 - ubuntuone.credentials - DEBUG - Handling DBus signal for member: u'CredentialsNotFound', app_name: dbus.String(u'Ubuntu One').
2012-03-24 21:40:23,944 - ubuntuone.credentials - DEBUG - ref_count is 1, changing value to 0.
2012-03-24 21:40:23,944 - ubuntuone.credentials - DEBUG - cleanup: removing signal match <<class 'dbus.connection.SignalMatch'> at 19e5950 "type='signal',sender='com.ubuntuone.Credentials',path='/credentials',interface='com.ubuntuone.CredentialsManagement',member='CredentialsFound'" on conn <dbus._dbus.SessionBus (session) at 0x1655170>>
2012-03-24 21:40:23,944 - ubuntuone.credentials - DEBUG - Setting up timer with <built-in function timeout_add> (10000, <bound method CredentialsManagement.shutdown of <ubuntuone.platform.credentials.linux.CredentialsManagement at /credentials at 0x247cdd0>>).
2012-03-24 21:40:23,945 - ubuntuone.credentials - DEBUG - cleanup: removing signal match <<class 'dbus.connection.SignalMatch'> at 19e5ad0 "type='signal',sender='com.ubuntuone.Credentials',path='/credentials',interface='com.ubuntuone.CredentialsManagement',member='CredentialsNotFound'" on conn <dbus._dbus.SessionBus (session) at 0x1655170>>
2012-03-24 21:40:23,945 - ubuntuone.credentials - INFO - CredentialsManagement: emitting CredentialsNotFound.
2012-03-24 21:40:23,945 - ubuntuone.credentials - DEBUG - cleanup: removing signal match <<class 'dbus.connection.SignalMatch'> at 19e5c50 "type='signal',sender='com.ubuntuone.Credentials',path='/credentials',interface='com.ubuntuone.CredentialsManagement',member='CredentialsError'" on conn <dbus._dbus.SessionBus (session) at 0x1655170>>
2012-03-24 21:40:33,948 - ubuntuone.credentials - DEBUG - shutdown!, ref_count is 0.
2012-03-24 21:40:33,949 - ubuntuone.credentials - INFO - Shutting down, calling <built-in method quit of glib.MainLoop object at 0x7f703968db70>.
2012-03-24 22:08:47,554 - ubuntuone.credentials - DEBUG - find_credentials: args (<ubuntuone.platform.credentials.CredentialsManagementTool object at 0x249ffd0>,), kwargs {}.
2012-03-24 22:08:47,587 - ubuntuone.credentials - DEBUG - find_credentials: result '<hidden result>'.
2012-03-24 22:08:48,207 - ubuntuone.credentials - INFO - Starting Ubuntu One login manager for bus u'com.ubuntuone.Credentials'.
2012-03-24 22:08:48,214 - ubuntuone.credentials - DEBUG - ref_count is 0, changing value to 1.
2012-03-24 22:08:48,214 - ubuntuone.credentials - DEBUG - ref_count is 1, changing value to 2.
2012-03-24 22:08:49,120 - ubuntuone.credentials - DEBUG - Handling DBus signal for member: u'CredentialsNotFound', app_name: dbus.String(u'Ubuntu One').
2012-03-24 22:08:49,120 - ubuntuone.credentials - DEBUG - ref_count is 2, changing value to 1.
2012-03-24 22:08:49,121 - ubuntuone.credentials - INFO - CredentialsManagement: emitting CredentialsNotFound.
2012-03-24 22:08:49,122 - ubuntuone.credentials - DEBUG - Handling DBus signal for member: u'CredentialsNotFound', app_name: dbus.String(u'Ubuntu One').
2012-03-24 22:08:49,122 - ubuntuone.credentials - DEBUG - ref_count is 1, changing value to 0.
2012-03-24 22:08:49,122 - ubuntuone.credentials - DEBUG - cleanup: removing signal match <<class 'dbus.connection.SignalMatch'> at 21af950 "type='signal',sender='com.ubuntuone.Credentials',path='/credentials',interface='com.ubuntuone.CredentialsManagement',member='CredentialsFound'" on conn <dbus._dbus.SessionBus (session) at 0x1e1f170>>
2012-03-24 22:08:49,122 - ubuntuone.credentials - DEBUG - Setting up timer with <built-in function timeout_add> (10000, <bound method CredentialsManagement.shutdown of <ubuntuone.platform.credentials.linux.CredentialsManagement at /credentials at 0x2a38dd0>>).
2012-03-24 22:08:49,123 - ubuntuone.credentials - INFO - CredentialsManagement: emitting CredentialsNotFound.
2012-03-24 22:08:49,123 - ubuntuone.credentials - DEBUG - cleanup: removing signal match <<class 'dbus.connection.SignalMatch'> at 21afad0 "type='signal',sender='com.ubuntuone.Credentials',path='/credentials',interface='com.ubuntuone.CredentialsManagement',member='CredentialsNotFound'" on conn <dbus._dbus.SessionBus (session) at 0x1e1f170>>
2012-03-24 22:08:49,123 - ubuntuone.credentials - DEBUG - cleanup: removing signal match <<class 'dbus.connection.SignalMatch'> at 21afc50 "type='signal',sender='com.ubuntuone.Credentials',path='/credentials',interface='com.ubuntuone.CredentialsManagement',member='CredentialsError'" on conn <dbus._dbus.SessionBus (session) at 0x1e1f170>>
2012-03-24 22:08:59,133 - ubuntuone.credentials - DEBUG - shutdown!, ref_count is 0.
2012-03-24 22:08:59,134 - ubuntuone.credentials - INFO - Shutting down, calling <built-in method quit of glib.MainLoop object at 0x7f1a7237eb70>.
2012-03-25 13:23:50,894 - ubuntuone.credentials - DEBUG - find_credentials: args (<ubuntuone.platform.credentials.CredentialsManagementTool object at 0x2955fd0>,), kwargs {}.
2012-03-25 13:23:50,928 - ubuntuone.credentials - DEBUG - find_credentials: result '<hidden result>'.
2012-03-25 13:23:51,533 - ubuntuone.credentials - INFO - Starting Ubuntu One login manager for bus u'com.ubuntuone.Credentials'.
2012-03-25 13:23:51,539 - ubuntuone.credentials - DEBUG - ref_count is 0, changing value to 1.
2012-03-25 13:23:51,540 - ubuntuone.credentials - DEBUG - ref_count is 1, changing value to 2.
2012-03-25 13:23:52,462 - ubuntuone.credentials - DEBUG - Handling DBus signal for member: u'CredentialsNotFound', app_name: dbus.String(u'Ubuntu One').
2012-03-25 13:23:52,463 - ubuntuone.credentials - DEBUG - ref_count is 2, changing value to 1.
2012-03-25 13:23:52,463 - ubuntuone.credentials - INFO - CredentialsManagement: emitting CredentialsNotFound.
2012-03-25 13:23:52,465 - ubuntuone.credentials - DEBUG - cleanup: removing signal match <<class 'dbus.connection.SignalMatch'> at 2665950 "type='signal',sender='com.ubuntuone.Credentials',path='/credentials',interface='com.ubuntuone.CredentialsManagement',member='CredentialsFound'" on conn <dbus._dbus.SessionBus (session) at 0x22d5170>>
2012-03-25 13:23:52,465 - ubuntuone.credentials - DEBUG - Handling DBus signal for member: u'CredentialsNotFound', app_name: dbus.String(u'Ubuntu One').
2012-03-25 13:23:52,466 - ubuntuone.credentials - DEBUG - cleanup: removing signal match <<class 'dbus.connection.SignalMatch'> at 2665ad0 "type='signal',sender='com.ubuntuone.Credentials',path='/credentials',interface='com.ubuntuone.CredentialsManagement',member='CredentialsNotFound'" on conn <dbus._dbus.SessionBus (session) at 0x22d5170>>
2012-03-25 13:23:52,466 - ubuntuone.credentials - DEBUG - ref_count is 1, changing value to 0.
2012-03-25 13:23:52,466 - ubuntuone.credentials - DEBUG - Setting up timer with <built-in function timeout_add> (10000, <bound method CredentialsManagement.shutdown of <ubuntuone.platform.credentials.linux.CredentialsManagement at /credentials at 0x24dcdd0>>).
2012-03-25 13:23:52,466 - ubuntuone.credentials - DEBUG - cleanup: removing signal match <<class 'dbus.connection.SignalMatch'> at 2665c50 "type='signal',sender='com.ubuntuone.Credentials',path='/credentials',interface='com.ubuntuone.CredentialsManagement',member='CredentialsError'" on conn <dbus._dbus.SessionBus (session) at 0x22d5170>>
2012-03-25 13:23:52,467 - ubuntuone.credentials - INFO - CredentialsManagement: emitting CredentialsNotFound.
2012-03-25 13:24:02,474 - ubuntuone.credentials - DEBUG - shutdown!, ref_count is 0.
2012-03-25 13:24:02,474 - ubuntuone.credentials - INFO - Shutting down, calling <built-in method quit of glib.MainLoop object at 0x7f3cf6f6eb70>.
