2012-03-25 13:23:49,228 - ubuntuone.SyncDaemon.Main - INFO - Starting Ubuntu One client version 2.0.0
2012-03-25 13:23:49,229 - ubuntuone.SyncDaemon.Main - INFO - Using '/home/saratt/Ubuntu One' as root dir
2012-03-25 13:23:49,229 - ubuntuone.SyncDaemon.Main - INFO - Using '/home/saratt/.local/share/ubuntuone/syncdaemon' as data dir
2012-03-25 13:23:49,229 - ubuntuone.SyncDaemon.Main - INFO - Using '/home/saratt/.local/share/ubuntuone/shares' as shares root dir
2012-03-25 13:23:49,229 - ubuntuone.SyncDaemon.tritcask - INFO - Initializing Tritcask on: /home/saratt/.local/share/ubuntuone/syncdaemon/tritcask
2012-03-25 13:23:49,242 - ubuntuone.SyncDaemon.tritcask - INFO - found 1 data files, 0 dead and 0 broken files
2012-03-25 13:23:49,252 - ubuntuone.SyncDaemon.tritcask - INFO - keydir ready! (keys: 2)
2012-03-25 13:23:49,286 - ubuntuone.SyncDaemon.fsm - INFO - loading updated metadata
2012-03-25 13:23:49,287 - ubuntuone.SyncDaemon.fsm - INFO - initialized: idx_path: 1, idx_node_id: 0, shares: 1
2012-03-25 13:23:49,290 - ubuntuone.SyncDaemon.filesystem_notifications.GeneralProcessor - INFO - Ignoring files: ['\\A#.*\\Z', '\\A.*~\\Z', '\\A.*\\.py[oc]\\Z', '\\A.*\\.sw[nopx]\\Z', '\\A.*\\.swpx\\Z', '\\A\\..*\\.tmp\\Z', '\\A\\.~lock\\..*#\\Z']
2012-03-25 13:23:49,297 - ubuntuone.SyncDaemon.HQ - INFO - HashQueue: _hasher started
2012-03-25 13:23:50,724 - ubuntuone.SyncDaemon.DBus - INFO - DBusInterface initialized.
2012-03-25 13:23:50,724 - ubuntuone.SyncDaemon.DBus - INFO - connect was requested. Are we autoconnecting? True.
2012-03-25 13:23:50,850 - ubuntuone.SyncDaemon.Main - NOTE - ---- MARK (state: <State: 'INIT'  (queues IDLE  connection 'Not User Not Network')>; queue: 0; hash: 0) ----
2012-03-25 13:23:50,851 - ubuntuone.SyncDaemon.Main - NOTE - Local rescan starting...
2012-03-25 13:23:50,851 - ubuntuone.SyncDaemon.local_rescan - INFO - start scan all volumes
2012-03-25 13:23:50,852 - ubuntuone.SyncDaemon.local_rescan - INFO - processing trash
2012-03-25 13:23:50,853 - ubuntuone.SyncDaemon.local_rescan - INFO - processing move limbo
2012-03-25 13:23:50,855 - ubuntuone.SyncDaemon.local_rescan - INFO - Ignoring path as it's a symlink: '/home/saratt/Ubuntu One/Shared With Me'
2012-03-25 13:23:50,856 - ubuntuone.SyncDaemon.Main - NOTE - Local rescan finished!
2012-03-25 13:23:50,857 - ubuntuone.SyncDaemon.Main - INFO - hash queue empty. We are ready!
2012-03-25 13:23:52,465 - ubuntuone.SyncDaemon.DBus - WARNING - 'CredentialsNotFound': () {'member': 'CredentialsNotFound'}
2012-03-25 13:23:52,466 - twisted - ERROR - Unhandled error in Deferred:
2012-03-25 13:23:52,467 - twisted - ERROR - Unhandled Error
Traceback (most recent call last):
Failure: ubuntuone.platform.linux.dbus_interface.NoAccessToken: CredentialsNotFound

2012-03-25 13:25:50,850 - ubuntuone.SyncDaemon.Main - NOTE - ---- MARK (state: <State: 'READY'  (queues IDLE  connection 'Not User With Network')>; queue: 0; hash: 0) ----
2012-03-25 13:27:50,850 - ubuntuone.SyncDaemon.Main - NOTE - ---- MARK (state: <State: 'READY'  (queues IDLE  connection 'Not User With Network')>; queue: 0; hash: 0) ----
2012-03-25 13:29:50,851 - ubuntuone.SyncDaemon.Main - NOTE - ---- MARK (state: <State: 'READY'  (queues IDLE  connection 'Not User With Network')>; queue: 0; hash: 0) ----
2012-03-25 13:31:50,851 - ubuntuone.SyncDaemon.Main - NOTE - ---- MARK (state: <State: 'READY'  (queues IDLE  connection 'Not User With Network')>; queue: 0; hash: 0) ----
2012-03-25 13:33:50,850 - ubuntuone.SyncDaemon.Main - NOTE - ---- MARK (state: <State: 'READY'  (queues IDLE  connection 'Not User With Network')>; queue: 0; hash: 0) ----
2012-03-25 13:35:50,850 - ubuntuone.SyncDaemon.Main - NOTE - ---- MARK (state: <State: 'READY'  (queues IDLE  connection 'Not User With Network')>; queue: 0; hash: 0) ----
2012-03-25 13:37:50,850 - ubuntuone.SyncDaemon.Main - NOTE - ---- MARK (state: <State: 'READY'  (queues IDLE  connection 'Not User With Network')>; queue: 0; hash: 0) ----
2012-03-25 13:39:50,850 - ubuntuone.SyncDaemon.Main - NOTE - ---- MARK (state: <State: 'READY'  (queues IDLE  connection 'Not User With Network')>; queue: 0; hash: 0) ----
2012-03-25 13:41:50,850 - ubuntuone.SyncDaemon.Main - NOTE - ---- MARK (state: <State: 'READY'  (queues IDLE  connection 'Not User With Network')>; queue: 0; hash: 0) ----
2012-03-25 13:43:50,851 - ubuntuone.SyncDaemon.Main - NOTE - ---- MARK (state: <State: 'READY'  (queues IDLE  connection 'Not User With Network')>; queue: 0; hash: 0) ----
2012-03-25 13:45:50,850 - ubuntuone.SyncDaemon.Main - NOTE - ---- MARK (state: <State: 'READY'  (queues IDLE  connection 'Not User With Network')>; queue: 0; hash: 0) ----
2012-03-25 13:47:50,850 - ubuntuone.SyncDaemon.Main - NOTE - ---- MARK (state: <State: 'READY'  (queues IDLE  connection 'Not User With Network')>; queue: 0; hash: 0) ----
2012-03-25 13:49:50,850 - ubuntuone.SyncDaemon.Main - NOTE - ---- MARK (state: <State: 'READY'  (queues IDLE  connection 'Not User With Network')>; queue: 0; hash: 0) ----
2012-03-25 13:51:50,851 - ubuntuone.SyncDaemon.Main - NOTE - ---- MARK (state: <State: 'READY'  (queues IDLE  connection 'Not User With Network')>; queue: 0; hash: 0) ----
2012-03-25 13:53:50,850 - ubuntuone.SyncDaemon.Main - NOTE - ---- MARK (state: <State: 'READY'  (queues IDLE  connection 'Not User With Network')>; queue: 0; hash: 0) ----
2012-03-25 13:55:50,850 - ubuntuone.SyncDaemon.Main - NOTE - ---- MARK (state: <State: 'READY'  (queues IDLE  connection 'Not User With Network')>; queue: 0; hash: 0) ----
2012-03-25 13:57:50,850 - ubuntuone.SyncDaemon.Main - NOTE - ---- MARK (state: <State: 'READY'  (queues IDLE  connection 'Not User With Network')>; queue: 0; hash: 0) ----
2012-03-25 13:59:50,850 - ubuntuone.SyncDaemon.Main - NOTE - ---- MARK (state: <State: 'READY'  (queues IDLE  connection 'Not User With Network')>; queue: 0; hash: 0) ----
2012-03-25 14:01:50,850 - ubuntuone.SyncDaemon.Main - NOTE - ---- MARK (state: <State: 'READY'  (queues IDLE  connection 'Not User With Network')>; queue: 0; hash: 0) ----
2012-03-25 14:03:50,850 - ubuntuone.SyncDaemon.Main - NOTE - ---- MARK (state: <State: 'READY'  (queues IDLE  connection 'Not User With Network')>; queue: 0; hash: 0) ----
2012-03-25 14:05:50,851 - ubuntuone.SyncDaemon.Main - NOTE - ---- MARK (state: <State: 'READY'  (queues IDLE  connection 'Not User With Network')>; queue: 0; hash: 0) ----
2012-03-25 14:07:50,850 - ubuntuone.SyncDaemon.Main - NOTE - ---- MARK (state: <State: 'READY'  (queues IDLE  connection 'Not User With Network')>; queue: 0; hash: 0) ----
2012-03-25 14:09:50,850 - ubuntuone.SyncDaemon.Main - NOTE - ---- MARK (state: <State: 'READY'  (queues IDLE  connection 'Not User With Network')>; queue: 0; hash: 0) ----
2012-03-25 14:11:50,851 - ubuntuone.SyncDaemon.Main - NOTE - ---- MARK (state: <State: 'READY'  (queues IDLE  connection 'Not User With Network')>; queue: 0; hash: 0) ----
2012-03-25 14:13:50,850 - ubuntuone.SyncDaemon.Main - NOTE - ---- MARK (state: <State: 'READY'  (queues IDLE  connection 'Not User With Network')>; queue: 0; hash: 0) ----
2012-03-25 14:15:50,850 - ubuntuone.SyncDaemon.Main - NOTE - ---- MARK (state: <State: 'READY'  (queues IDLE  connection 'Not User With Network')>; queue: 0; hash: 0) ----
2012-03-25 14:17:50,851 - ubuntuone.SyncDaemon.Main - NOTE - ---- MARK (state: <State: 'READY'  (queues IDLE  connection 'Not User With Network')>; queue: 0; hash: 0) ----
2012-03-25 14:19:50,851 - ubuntuone.SyncDaemon.Main - NOTE - ---- MARK (state: <State: 'READY'  (queues IDLE  connection 'Not User With Network')>; queue: 0; hash: 0) ----
2012-03-25 14:21:50,851 - ubuntuone.SyncDaemon.Main - NOTE - ---- MARK (state: <State: 'READY'  (queues IDLE  connection 'Not User With Network')>; queue: 0; hash: 0) ----
2012-03-25 14:23:50,850 - ubuntuone.SyncDaemon.Main - NOTE - ---- MARK (state: <State: 'READY'  (queues IDLE  connection 'Not User With Network')>; queue: 0; hash: 0) ----
2012-03-25 14:25:50,850 - ubuntuone.SyncDaemon.Main - NOTE - ---- MARK (state: <State: 'READY'  (queues IDLE  connection 'Not User With Network')>; queue: 0; hash: 0) ----
2012-03-25 14:27:50,850 - ubuntuone.SyncDaemon.Main - NOTE - ---- MARK (state: <State: 'READY'  (queues IDLE  connection 'Not User With Network')>; queue: 0; hash: 0) ----
2012-03-25 14:29:50,850 - ubuntuone.SyncDaemon.Main - NOTE - ---- MARK (state: <State: 'READY'  (queues IDLE  connection 'Not User With Network')>; queue: 0; hash: 0) ----
2012-03-25 14:31:50,850 - ubuntuone.SyncDaemon.Main - NOTE - ---- MARK (state: <State: 'READY'  (queues IDLE  connection 'Not User With Network')>; queue: 0; hash: 0) ----
2012-03-25 14:33:50,850 - ubuntuone.SyncDaemon.Main - NOTE - ---- MARK (state: <State: 'READY'  (queues IDLE  connection 'Not User With Network')>; queue: 0; hash: 0) ----
2012-03-25 14:35:50,850 - ubuntuone.SyncDaemon.Main - NOTE - ---- MARK (state: <State: 'READY'  (queues IDLE  connection 'Not User With Network')>; queue: 0; hash: 0) ----
2012-03-25 14:37:50,850 - ubuntuone.SyncDaemon.Main - NOTE - ---- MARK (state: <State: 'READY'  (queues IDLE  connection 'Not User With Network')>; queue: 0; hash: 0) ----
2012-03-25 14:39:50,850 - ubuntuone.SyncDaemon.Main - NOTE - ---- MARK (state: <State: 'READY'  (queues IDLE  connection 'Not User With Network')>; queue: 0; hash: 0) ----
2012-03-25 14:41:50,850 - ubuntuone.SyncDaemon.Main - NOTE - ---- MARK (state: <State: 'READY'  (queues IDLE  connection 'Not User With Network')>; queue: 0; hash: 0) ----
2012-03-25 14:43:50,850 - ubuntuone.SyncDaemon.Main - NOTE - ---- MARK (state: <State: 'READY'  (queues IDLE  connection 'Not User With Network')>; queue: 0; hash: 0) ----
2012-03-25 14:45:50,850 - ubuntuone.SyncDaemon.Main - NOTE - ---- MARK (state: <State: 'READY'  (queues IDLE  connection 'Not User With Network')>; queue: 0; hash: 0) ----
2012-03-25 14:47:50,850 - ubuntuone.SyncDaemon.Main - NOTE - ---- MARK (state: <State: 'READY'  (queues IDLE  connection 'Not User With Network')>; queue: 0; hash: 0) ----
2012-03-25 14:49:50,850 - ubuntuone.SyncDaemon.Main - NOTE - ---- MARK (state: <State: 'READY'  (queues IDLE  connection 'Not User With Network')>; queue: 0; hash: 0) ----
2012-03-25 14:51:50,850 - ubuntuone.SyncDaemon.Main - NOTE - ---- MARK (state: <State: 'READY'  (queues IDLE  connection 'Not User With Network')>; queue: 0; hash: 0) ----
2012-03-25 14:53:50,851 - ubuntuone.SyncDaemon.Main - NOTE - ---- MARK (state: <State: 'READY'  (queues IDLE  connection 'Not User With Network')>; queue: 0; hash: 0) ----
2012-03-25 14:55:50,850 - ubuntuone.SyncDaemon.Main - NOTE - ---- MARK (state: <State: 'READY'  (queues IDLE  connection 'Not User With Network')>; queue: 0; hash: 0) ----
2012-03-25 14:57:50,850 - ubuntuone.SyncDaemon.Main - NOTE - ---- MARK (state: <State: 'READY'  (queues IDLE  connection 'Not User With Network')>; queue: 0; hash: 0) ----
2012-03-25 14:59:50,850 - ubuntuone.SyncDaemon.Main - NOTE - ---- MARK (state: <State: 'READY'  (queues IDLE  connection 'Not User With Network')>; queue: 0; hash: 0) ----
2012-03-25 15:01:50,851 - ubuntuone.SyncDaemon.Main - NOTE - ---- MARK (state: <State: 'READY'  (queues IDLE  connection 'Not User With Network')>; queue: 0; hash: 0) ----
2012-03-25 15:03:50,851 - ubuntuone.SyncDaemon.Main - NOTE - ---- MARK (state: <State: 'READY'  (queues IDLE  connection 'Not User With Network')>; queue: 0; hash: 0) ----
2012-03-25 15:05:50,850 - ubuntuone.SyncDaemon.Main - NOTE - ---- MARK (state: <State: 'READY'  (queues IDLE  connection 'Not User With Network')>; queue: 0; hash: 0) ----
2012-03-25 15:07:50,850 - ubuntuone.SyncDaemon.Main - NOTE - ---- MARK (state: <State: 'READY'  (queues IDLE  connection 'Not User With Network')>; queue: 0; hash: 0) ----
2012-03-25 15:09:50,851 - ubuntuone.SyncDaemon.Main - NOTE - ---- MARK (state: <State: 'READY'  (queues IDLE  connection 'Not User With Network')>; queue: 0; hash: 0) ----
2012-03-25 15:11:50,850 - ubuntuone.SyncDaemon.Main - NOTE - ---- MARK (state: <State: 'READY'  (queues IDLE  connection 'Not User With Network')>; queue: 0; hash: 0) ----
2012-03-25 15:13:50,850 - ubuntuone.SyncDaemon.Main - NOTE - ---- MARK (state: <State: 'READY'  (queues IDLE  connection 'Not User With Network')>; queue: 0; hash: 0) ----
2012-03-25 15:15:50,850 - ubuntuone.SyncDaemon.Main - NOTE - ---- MARK (state: <State: 'READY'  (queues IDLE  connection 'Not User With Network')>; queue: 0; hash: 0) ----
2012-03-25 15:17:50,850 - ubuntuone.SyncDaemon.Main - NOTE - ---- MARK (state: <State: 'READY'  (queues IDLE  connection 'Not User With Network')>; queue: 0; hash: 0) ----
2012-03-25 15:19:50,851 - ubuntuone.SyncDaemon.Main - NOTE - ---- MARK (state: <State: 'READY'  (queues IDLE  connection 'Not User With Network')>; queue: 0; hash: 0) ----
2012-03-25 16:33:42,332 - ubuntuone.SyncDaemon.Main - NOTE - ---- MARK (state: <State: 'READY'  (queues IDLE  connection 'Not User With Network')>; queue: 0; hash: 0) ----
2012-03-25 16:33:50,851 - ubuntuone.SyncDaemon.Main - NOTE - ---- MARK (state: <State: 'READY'  (queues IDLE  connection 'Not User With Network')>; queue: 0; hash: 0) ----
2012-03-25 16:35:50,850 - ubuntuone.SyncDaemon.Main - NOTE - ---- MARK (state: <State: 'READY'  (queues IDLE  connection 'Not User With Network')>; queue: 0; hash: 0) ----
2012-03-25 16:37:50,850 - ubuntuone.SyncDaemon.Main - NOTE - ---- MARK (state: <State: 'READY'  (queues IDLE  connection 'Not User With Network')>; queue: 0; hash: 0) ----
2012-03-25 16:39:50,850 - ubuntuone.SyncDaemon.Main - NOTE - ---- MARK (state: <State: 'READY'  (queues IDLE  connection 'Not User With Network')>; queue: 0; hash: 0) ----
2012-03-25 16:41:50,851 - ubuntuone.SyncDaemon.Main - NOTE - ---- MARK (state: <State: 'READY'  (queues IDLE  connection 'Not User With Network')>; queue: 0; hash: 0) ----
2012-03-25 16:43:50,850 - ubuntuone.SyncDaemon.Main - NOTE - ---- MARK (state: <State: 'READY'  (queues IDLE  connection 'Not User With Network')>; queue: 0; hash: 0) ----
2012-03-25 16:45:50,851 - ubuntuone.SyncDaemon.Main - NOTE - ---- MARK (state: <State: 'READY'  (queues IDLE  connection 'Not User With Network')>; queue: 0; hash: 0) ----
2012-03-25 16:47:50,850 - ubuntuone.SyncDaemon.Main - NOTE - ---- MARK (state: <State: 'READY'  (queues IDLE  connection 'Not User With Network')>; queue: 0; hash: 0) ----
2012-03-25 16:49:50,850 - ubuntuone.SyncDaemon.Main - NOTE - ---- MARK (state: <State: 'READY'  (queues IDLE  connection 'Not User With Network')>; queue: 0; hash: 0) ----
2012-03-25 16:51:50,850 - ubuntuone.SyncDaemon.Main - NOTE - ---- MARK (state: <State: 'READY'  (queues IDLE  connection 'Not User With Network')>; queue: 0; hash: 0) ----
2012-03-25 16:53:50,850 - ubuntuone.SyncDaemon.Main - NOTE - ---- MARK (state: <State: 'READY'  (queues IDLE  connection 'Not User With Network')>; queue: 0; hash: 0) ----
2012-03-25 16:55:50,850 - ubuntuone.SyncDaemon.Main - NOTE - ---- MARK (state: <State: 'READY'  (queues IDLE  connection 'Not User With Network')>; queue: 0; hash: 0) ----
2012-03-25 16:57:50,851 - ubuntuone.SyncDaemon.Main - NOTE - ---- MARK (state: <State: 'READY'  (queues IDLE  connection 'Not User With Network')>; queue: 0; hash: 0) ----
2012-03-25 16:59:50,850 - ubuntuone.SyncDaemon.Main - NOTE - ---- MARK (state: <State: 'READY'  (queues IDLE  connection 'Not User With Network')>; queue: 0; hash: 0) ----
2012-03-25 17:01:50,851 - ubuntuone.SyncDaemon.Main - NOTE - ---- MARK (state: <State: 'READY'  (queues IDLE  connection 'Not User With Network')>; queue: 0; hash: 0) ----
2012-03-25 17:03:50,861 - ubuntuone.SyncDaemon.Main - NOTE - ---- MARK (state: <State: 'READY'  (queues IDLE  connection 'Not User With Network')>; queue: 0; hash: 0) ----
2012-03-25 17:05:50,850 - ubuntuone.SyncDaemon.Main - NOTE - ---- MARK (state: <State: 'READY'  (queues IDLE  connection 'Not User With Network')>; queue: 0; hash: 0) ----
2012-03-25 17:07:50,850 - ubuntuone.SyncDaemon.Main - NOTE - ---- MARK (state: <State: 'READY'  (queues IDLE  connection 'Not User With Network')>; queue: 0; hash: 0) ----
2012-03-25 17:09:50,851 - ubuntuone.SyncDaemon.Main - NOTE - ---- MARK (state: <State: 'READY'  (queues IDLE  connection 'Not User With Network')>; queue: 0; hash: 0) ----
2012-03-25 17:11:50,850 - ubuntuone.SyncDaemon.Main - NOTE - ---- MARK (state: <State: 'READY'  (queues IDLE  connection 'Not User With Network')>; queue: 0; hash: 0) ----
2012-03-25 17:13:50,850 - ubuntuone.SyncDaemon.Main - NOTE - ---- MARK (state: <State: 'READY'  (queues IDLE  connection 'Not User With Network')>; queue: 0; hash: 0) ----
2012-03-25 17:15:50,850 - ubuntuone.SyncDaemon.Main - NOTE - ---- MARK (state: <State: 'READY'  (queues IDLE  connection 'Not User With Network')>; queue: 0; hash: 0) ----
2012-03-25 17:17:50,850 - ubuntuone.SyncDaemon.Main - NOTE - ---- MARK (state: <State: 'READY'  (queues IDLE  connection 'Not User With Network')>; queue: 0; hash: 0) ----
2012-03-25 17:19:50,850 - ubuntuone.SyncDaemon.Main - NOTE - ---- MARK (state: <State: 'READY'  (queues IDLE  connection 'Not User With Network')>; queue: 0; hash: 0) ----
2012-03-25 17:21:50,850 - ubuntuone.SyncDaemon.Main - NOTE - ---- MARK (state: <State: 'READY'  (queues IDLE  connection 'Not User With Network')>; queue: 0; hash: 0) ----
2012-03-25 17:23:50,850 - ubuntuone.SyncDaemon.Main - NOTE - ---- MARK (state: <State: 'READY'  (queues IDLE  connection 'Not User With Network')>; queue: 0; hash: 0) ----
2012-03-25 17:25:50,850 - ubuntuone.SyncDaemon.Main - NOTE - ---- MARK (state: <State: 'READY'  (queues IDLE  connection 'Not User With Network')>; queue: 0; hash: 0) ----
2012-03-25 17:27:50,851 - ubuntuone.SyncDaemon.Main - NOTE - ---- MARK (state: <State: 'READY'  (queues IDLE  connection 'Not User With Network')>; queue: 0; hash: 0) ----
2012-03-25 17:29:50,850 - ubuntuone.SyncDaemon.Main - NOTE - ---- MARK (state: <State: 'READY'  (queues IDLE  connection 'Not User With Network')>; queue: 0; hash: 0) ----
2012-03-25 17:31:50,850 - ubuntuone.SyncDaemon.Main - NOTE - ---- MARK (state: <State: 'READY'  (queues IDLE  connection 'Not User With Network')>; queue: 0; hash: 0) ----
2012-03-25 17:33:50,850 - ubuntuone.SyncDaemon.Main - NOTE - ---- MARK (state: <State: 'READY'  (queues IDLE  connection 'Not User With Network')>; queue: 0; hash: 0) ----
2012-03-25 17:35:50,850 - ubuntuone.SyncDaemon.Main - NOTE - ---- MARK (state: <State: 'READY'  (queues IDLE  connection 'Not User With Network')>; queue: 0; hash: 0) ----
2012-03-25 17:37:50,850 - ubuntuone.SyncDaemon.Main - NOTE - ---- MARK (state: <State: 'READY'  (queues IDLE  connection 'Not User With Network')>; queue: 0; hash: 0) ----
