2012-03-04 10:47:52,520 - softwarecenter.ui.gtk3.em - INFO - EM's: 17 15 21
2012-03-04 10:47:54,938 - softwarecenter.backend.reviews - WARNING - Could not get usefulness from server, no username in config file
2012-03-04 10:47:55,023 - softwarecenter.ui.gtk3.utils - INFO - Softwarecenter style provider for ambiance Gtk theme: /usr/share/software-center/ui/gtk3/css/softwarecenter.css
2012-03-04 10:47:59,387 - softwarecenter.ui.gtk3.app - INFO - software-center-agent finished with status 0
2012-03-04 11:10:35,853 - softwarecenter.ui.gtk3.em - INFO - EM's: 17 15 21
2012-03-04 11:10:36,610 - softwarecenter.backend.reviews - WARNING - Could not get usefulness from server, no username in config file
2012-03-04 11:10:36,667 - softwarecenter.ui.gtk3.utils - INFO - Softwarecenter style provider for ambiance Gtk theme: /usr/share/software-center/ui/gtk3/css/softwarecenter.css
2012-03-04 11:10:40,723 - softwarecenter.ui.gtk3.app - INFO - software-center-agent finished with status 0
2012-03-04 11:52:46,724 - softwarecenter.ui.gtk3.em - INFO - EM's: 17 15 21
2012-03-04 11:52:48,974 - softwarecenter.backend.reviews - WARNING - Could not get usefulness from server, no username in config file
2012-03-04 11:52:49,055 - softwarecenter.ui.gtk3.utils - INFO - Softwarecenter style provider for ambiance Gtk theme: /usr/share/software-center/ui/gtk3/css/softwarecenter.css
2012-03-04 11:52:54,735 - softwarecenter.ui.gtk3.app - INFO - software-center-agent finished with status 0
2012-03-04 12:15:46,319 - softwarecenter.ui.gtk3.em - INFO - EM's: 17 15 21
2012-03-04 12:15:48,529 - softwarecenter.backend.reviews - WARNING - Could not get usefulness from server, no username in config file
2012-03-04 12:15:48,612 - softwarecenter.ui.gtk3.utils - INFO - Softwarecenter style provider for ambiance Gtk theme: /usr/share/software-center/ui/gtk3/css/softwarecenter.css
2012-03-04 12:15:54,059 - softwarecenter.ui.gtk3.app - INFO - software-center-agent finished with status 0
2012-03-04 12:19:56,430 - softwarecenter.ui.gtk3.em - INFO - EM's: 17 15 21
2012-03-04 12:19:57,251 - softwarecenter.backend.reviews - WARNING - Could not get usefulness from server, no username in config file
2012-03-04 12:19:57,315 - softwarecenter.ui.gtk3.utils - INFO - Softwarecenter style provider for ambiance Gtk theme: /usr/share/software-center/ui/gtk3/css/softwarecenter.css
2012-03-04 12:19:59,574 - softwarecenter.ui.gtk3.app - INFO - software-center-agent finished with status 0
2012-03-04 12:22:52,269 - softwarecenter.ui.gtk3.utils - INFO - Softwarecenter style provider for highcontrast Gtk theme: /usr/share/software-center/ui/gtk3/css/softwarecenter.highcontrast.css
2012-03-04 12:22:55,517 - softwarecenter.ui.gtk3.utils - INFO - Softwarecenter style provider for radiance Gtk theme: /usr/share/software-center/ui/gtk3/css/softwarecenter.css
2012-03-04 12:23:03,028 - softwarecenter.ui.gtk3.utils - INFO - Softwarecenter style provider for adwaita Gtk theme: /usr/share/software-center/ui/gtk3/css/softwarecenter.css
2012-03-04 12:23:11,937 - softwarecenter.ui.gtk3.utils - INFO - Softwarecenter style provider for ambiance Gtk theme: /usr/share/software-center/ui/gtk3/css/softwarecenter.css
2012-03-04 12:42:26,668 - softwarecenter.ui.gtk3.em - INFO - EM's: 17 15 21
2012-03-04 12:42:27,413 - softwarecenter.backend.reviews - WARNING - Could not get usefulness from server, no username in config file
2012-03-04 12:42:27,472 - softwarecenter.ui.gtk3.utils - INFO - Softwarecenter style provider for ambiance Gtk theme: /usr/share/software-center/ui/gtk3/css/softwarecenter.css
2012-03-04 12:42:31,116 - softwarecenter.ui.gtk3.app - INFO - software-center-agent finished with status 0
2012-03-04 12:49:38,381 - softwarecenter.ui.gtk3.em - INFO - EM's: 17 15 21
2012-03-04 12:49:39,149 - softwarecenter.backend.reviews - WARNING - Could not get usefulness from server, no username in config file
2012-03-04 12:49:39,223 - softwarecenter.ui.gtk3.utils - INFO - Softwarecenter style provider for ambiance Gtk theme: /usr/share/software-center/ui/gtk3/css/softwarecenter.css
2012-03-04 12:49:39,835 - softwarecenter.ui.gtk3.em - INFO - EM's: 17 15 21
2012-03-04 12:49:41,039 - softwarecenter.ui.gtk3.em - INFO - EM's: 17 15 21
2012-03-04 12:49:44,799 - softwarecenter.ui.gtk3.app - INFO - software-center-agent finished with status 0
2012-03-04 12:50:12,879 - softwarecenter.ui.gtk3.em - INFO - EM's: 17 15 21
2012-03-04 12:50:13,666 - softwarecenter.backend.reviews - WARNING - Could not get usefulness from server, no username in config file
2012-03-04 12:50:13,728 - softwarecenter.ui.gtk3.utils - INFO - Softwarecenter style provider for ambiance Gtk theme: /usr/share/software-center/ui/gtk3/css/softwarecenter.css
2012-03-04 12:50:15,248 - softwarecenter.ui.gtk3.em - INFO - EM's: 17 15 21
2012-03-04 12:50:16,112 - softwarecenter.ui.gtk3.app - INFO - software-center-agent finished with status 0
2012-03-04 12:50:26,097 - softwarecenter.ui.gtk3.em - INFO - EM's: 17 15 21
2012-03-04 12:50:26,838 - softwarecenter.backend.reviews - WARNING - Could not get usefulness from server, no username in config file
2012-03-04 12:50:26,897 - softwarecenter.ui.gtk3.utils - INFO - Softwarecenter style provider for ambiance Gtk theme: /usr/share/software-center/ui/gtk3/css/softwarecenter.css
2012-03-04 12:50:29,040 - softwarecenter.ui.gtk3.app - INFO - software-center-agent finished with status 0
2012-03-04 15:50:36,462 - softwarecenter.ui.gtk3.em - INFO - EM's: 17 15 21
2012-03-04 15:50:37,971 - softwarecenter.backend.reviews - WARNING - Could not get usefulness from server, no username in config file
2012-03-04 15:50:38,064 - softwarecenter.ui.gtk3.utils - INFO - Softwarecenter style provider for holo Gtk theme: /usr/share/software-center/ui/gtk3/css/softwarecenter.css
2012-03-04 15:50:43,502 - softwarecenter.ui.gtk3.app - INFO - software-center-agent finished with status 0
2012-03-04 17:12:10,580 - softwarecenter.ui.gtk3.em - INFO - EM's: 17 15 21
2012-03-04 17:12:12,461 - softwarecenter.backend.reviews - WARNING - Could not get usefulness from server, no username in config file
2012-03-04 17:12:12,545 - softwarecenter.ui.gtk3.utils - INFO - Softwarecenter style provider for ambiance Gtk theme: /usr/share/software-center/ui/gtk3/css/softwarecenter.css
2012-03-04 17:12:17,516 - softwarecenter.ui.gtk3.app - INFO - software-center-agent finished with status 0
2012-03-04 18:26:10,449 - softwarecenter.ui.gtk3.em - INFO - EM's: 17 15 21
2012-03-04 18:26:12,598 - softwarecenter.backend.reviews - WARNING - Could not get usefulness from server, no username in config file
2012-03-04 18:26:12,686 - softwarecenter.ui.gtk3.utils - INFO - Softwarecenter style provider for ambiance Gtk theme: /usr/share/software-center/ui/gtk3/css/softwarecenter.css
2012-03-04 18:26:18,497 - softwarecenter.ui.gtk3.app - INFO - software-center-agent finished with status 0
2012-03-09 00:11:13,984 - softwarecenter.ui.gtk3.em - INFO - EM's: 17 15 21
2012-03-09 00:11:16,679 - softwarecenter.backend.reviews - WARNING - Could not get usefulness from server, no username in config file
2012-03-09 00:11:16,787 - softwarecenter.ui.gtk3.utils - INFO - Softwarecenter style provider for ambiance Gtk theme: /usr/share/software-center/ui/gtk3/css/softwarecenter.css
2012-03-09 00:11:26,141 - softwarecenter.ui.gtk3.app - INFO - software-center-agent finished with status 0
2012-03-09 01:40:31,801 - softwarecenter.ui.gtk3.em - INFO - EM's: 17 15 21
2012-03-09 01:40:33,646 - softwarecenter.backend.reviews - WARNING - Could not get usefulness from server, no username in config file
2012-03-09 01:40:33,751 - softwarecenter.ui.gtk3.utils - INFO - Softwarecenter style provider for ambiance Gtk theme: /usr/share/software-center/ui/gtk3/css/softwarecenter.css
2012-03-09 01:40:42,984 - softwarecenter.ui.gtk3.app - INFO - software-center-agent finished with status 0
2012-03-18 00:17:32,027 - softwarecenter.ui.gtk3.em - INFO - EM's: 17 15 21
2012-03-18 00:17:35,104 - softwarecenter.backend.reviews - WARNING - Could not get usefulness from server, no username in config file
2012-03-18 00:17:35,233 - softwarecenter.ui.gtk3.utils - INFO - Softwarecenter style provider for ambiance Gtk theme: /usr/share/software-center/ui/gtk3/css/softwarecenter.css
2012-03-18 00:17:42,802 - softwarecenter.ui.gtk3.app - INFO - software-center-agent finished with status 0
2012-03-18 00:18:14,805 - softwarecenter.backend - WARNING - _on_trans_error: org.freedesktop.PolicyKit.Error.NotAuthorized: ('system-bus-name', {'name':  ':1.70'}): org.debian.apt.install-or-remove-packages
2012-03-24 22:09:08,509 - softwarecenter.ui.gtk3.em - INFO - EM's: 17 15 21
2012-03-24 22:09:13,347 - softwarecenter.backend.reviews - WARNING - Could not get usefulness from server, no username in config file
2012-03-24 22:09:13,538 - softwarecenter.ui.gtk3.utils - INFO - Softwarecenter style provider for ambiance Gtk theme: /usr/share/software-center/ui/gtk3/css/softwarecenter.css
2012-03-24 22:09:21,788 - softwarecenter.ui.gtk3.app - INFO - software-center-agent finished with status 0
2012-03-24 22:11:19,824 - softwarecenter.ui.gtk3.em - INFO - EM's: 17 15 21
2012-03-24 22:11:21,739 - softwarecenter.backend.reviews - WARNING - Could not get usefulness from server, no username in config file
2012-03-24 22:11:21,847 - softwarecenter.ui.gtk3.utils - INFO - Softwarecenter style provider for ambiance Gtk theme: /usr/share/software-center/ui/gtk3/css/softwarecenter.css
2012-03-24 22:11:27,362 - softwarecenter.ui.gtk3.app - INFO - software-center-agent finished with status 0
