VirtualBox (XP)COM Server 4.1.2_Ubuntu r38459 linux.amd64 (Sep  2 2011 15:12:31) release log
00:00:00.009 main     Log opened 2012-03-05T20:32:53.901031000Z
00:00:00.009 main     OS Product: Linux
00:00:00.009 main     OS Release: 3.0.0-16-generic
00:00:00.009 main     OS Version: #28-Ubuntu SMP Fri Jan 27 17:44:39 UTC 2012
00:00:00.009 main     OS Service Pack: #28-Ubuntu SMP Fri Jan 27 17:44:39 UTC 2012
00:00:00.009 main     Executable: /usr/lib/virtualbox/VBoxSVC
00:00:00.009 main     Process ID: 2309
00:00:00.009 main     Package type: LINUX_64BITS_GENERIC (OSE)
00:00:00.152 nspr-2   Loading settings file "/home/saratt/.VirtualBox/VirtualBox.xml" with version "1.12-linux"
00:00:00.370 nspr-2   VDInit finished
00:00:00.410 nspr-2   Loading settings file "/home/saratt/VirtualBox VMs/saasbook/saasbook.vbox" with version "1.12-linux"
00:00:01.757 nspr-3   WARNING [COM]: aRC=NS_ERROR_FAILURE (0x80004005) aIID={dab4a2b8-c735-4f08-94fc-9bec84182e2f} aComponent={Host} aText={VirtualBox is not currently allowed to access USB devices.  You can change this by adding your user to the 'vboxusers' group.  Please see the user manual for a more detailed explanation}, preserve=true 
00:00:01.855 nspr-2   WARNING [COM]: aRC=NS_ERROR_FAILURE (0x80004005) aIID={dab4a2b8-c735-4f08-94fc-9bec84182e2f} aComponent={Host} aText={VirtualBox is not currently allowed to access USB devices.  You can change this by adding your user to the 'vboxusers' group.  Please see the user manual for a more detailed explanation}, preserve=true 
00:00:04.826 nspr-2   ERROR [COM]: aRC=VBOX_E_INVALID_VM_STATE (0x80bb0002) aIID={5eaa9319-62fc-4b0a-843c-0cb1940f8a91} aComponent={Machine} aText={Machine is not locked for session (session state: Unlocked)}, preserve=false
00:00:05.017 nspr-3   WARNING [COM]: aRC=NS_ERROR_FAILURE (0x80004005) aIID={dab4a2b8-c735-4f08-94fc-9bec84182e2f} aComponent={Host} aText={VirtualBox is not currently allowed to access USB devices.  You can change this by adding your user to the 'vboxusers' group.  Please see the user manual for a more detailed explanation}, preserve=true 
00:00:05.157 nspr-2   WARNING [COM]: aRC=NS_ERROR_FAILURE (0x80004005) aIID={dab4a2b8-c735-4f08-94fc-9bec84182e2f} aComponent={Host} aText={VirtualBox is not currently allowed to access USB devices.  You can change this by adding your user to the 'vboxusers' group.  Please see the user manual for a more detailed explanation}, preserve=true 
00:00:05.389 nspr-2   WARNING [COM]: aRC=NS_ERROR_FAILURE (0x80004005) aIID={dab4a2b8-c735-4f08-94fc-9bec84182e2f} aComponent={Host} aText={VirtualBox is not currently allowed to access USB devices.  You can change this by adding your user to the 'vboxusers' group.  Please see the user manual for a more detailed explanation}, preserve=true 
00:00:05.439 nspr-2   WARNING [COM]: aRC=NS_ERROR_FAILURE (0x80004005) aIID={dab4a2b8-c735-4f08-94fc-9bec84182e2f} aComponent={Host} aText={VirtualBox is not currently allowed to access USB devices.  You can change this by adding your user to the 'vboxusers' group.  Please see the user manual for a more detailed explanation}, preserve=true 
00:00:05.450 nspr-3   WARNING [COM]: aRC=NS_ERROR_FAILURE (0x80004005) aIID={dab4a2b8-c735-4f08-94fc-9bec84182e2f} aComponent={Host} aText={VirtualBox is not currently allowed to access USB devices.  You can change this by adding your user to the 'vboxusers' group.  Please see the user manual for a more detailed explanation}, preserve=true 
00:00:05.578 nspr-3   WARNING [COM]: aRC=NS_ERROR_FAILURE (0x80004005) aIID={dab4a2b8-c735-4f08-94fc-9bec84182e2f} aComponent={Host} aText={VirtualBox is not currently allowed to access USB devices.  You can change this by adding your user to the 'vboxusers' group.  Please see the user manual for a more detailed explanation}, preserve=true 
00:00:05.681 nspr-3   WARNING [COM]: aRC=NS_ERROR_FAILURE (0x80004005) aIID={dab4a2b8-c735-4f08-94fc-9bec84182e2f} aComponent={Host} aText={VirtualBox is not currently allowed to access USB devices.  You can change this by adding your user to the 'vboxusers' group.  Please see the user manual for a more detailed explanation}, preserve=true 
00:00:05.785 nspr-2   WARNING [COM]: aRC=NS_ERROR_FAILURE (0x80004005) aIID={dab4a2b8-c735-4f08-94fc-9bec84182e2f} aComponent={Host} aText={VirtualBox is not currently allowed to access USB devices.  You can change this by adding your user to the 'vboxusers' group.  Please see the user manual for a more detailed explanation}, preserve=true 
00:00:23.014 nspr-4   WARNING [COM]: aRC=NS_ERROR_FAILURE (0x80004005) aIID={dab4a2b8-c735-4f08-94fc-9bec84182e2f} aComponent={Host} aText={VirtualBox is not currently allowed to access USB devices.  You can change this by adding your user to the 'vboxusers' group.  Please see the user manual for a more detailed explanation}, preserve=true 
00:11:28.160 nspr-4   WARNING [COM]: aRC=NS_ERROR_FAILURE (0x80004005) aIID={dab4a2b8-c735-4f08-94fc-9bec84182e2f} aComponent={Host} aText={VirtualBox is not currently allowed to access USB devices.  You can change this by adding your user to the 'vboxusers' group.  Please see the user manual for a more detailed explanation}, preserve=true 
00:11:34.288 nspr-3   WARNING [COM]: aRC=NS_ERROR_FAILURE (0x80004005) aIID={dab4a2b8-c735-4f08-94fc-9bec84182e2f} aComponent={Host} aText={VirtualBox is not currently allowed to access USB devices.  You can change this by adding your user to the 'vboxusers' group.  Please see the user manual for a more detailed explanation}, preserve=true 
00:11:34.497 nspr-3   WARNING [COM]: aRC=NS_ERROR_FAILURE (0x80004005) aIID={dab4a2b8-c735-4f08-94fc-9bec84182e2f} aComponent={Host} aText={VirtualBox is not currently allowed to access USB devices.  You can change this by adding your user to the 'vboxusers' group.  Please see the user manual for a more detailed explanation}, preserve=true 
00:11:34.554 nspr-3   WARNING [COM]: aRC=NS_ERROR_FAILURE (0x80004005) aIID={dab4a2b8-c735-4f08-94fc-9bec84182e2f} aComponent={Host} aText={VirtualBox is not currently allowed to access USB devices.  You can change this by adding your user to the 'vboxusers' group.  Please see the user manual for a more detailed explanation}, preserve=true 
00:11:34.609 nspr-4   WARNING [COM]: aRC=NS_ERROR_FAILURE (0x80004005) aIID={dab4a2b8-c735-4f08-94fc-9bec84182e2f} aComponent={Host} aText={VirtualBox is not currently allowed to access USB devices.  You can change this by adding your user to the 'vboxusers' group.  Please see the user manual for a more detailed explanation}, preserve=true 
00:11:35.091 nspr-2   WARNING [COM]: aRC=NS_ERROR_FAILURE (0x80004005) aIID={dab4a2b8-c735-4f08-94fc-9bec84182e2f} aComponent={Host} aText={VirtualBox is not currently allowed to access USB devices.  You can change this by adding your user to the 'vboxusers' group.  Please see the user manual for a more detailed explanation}, preserve=true 
00:11:35.152 nspr-5   WARNING [COM]: aRC=NS_ERROR_FAILURE (0x80004005) aIID={dab4a2b8-c735-4f08-94fc-9bec84182e2f} aComponent={Host} aText={VirtualBox is not currently allowed to access USB devices.  You can change this by adding your user to the 'vboxusers' group.  Please see the user manual for a more detailed explanation}, preserve=true 
00:11:35.216 nspr-4   WARNING [COM]: aRC=NS_ERROR_FAILURE (0x80004005) aIID={dab4a2b8-c735-4f08-94fc-9bec84182e2f} aComponent={Host} aText={VirtualBox is not currently allowed to access USB devices.  You can change this by adding your user to the 'vboxusers' group.  Please see the user manual for a more detailed explanation}, preserve=true 
00:11:35.271 nspr-4   WARNING [COM]: aRC=NS_ERROR_FAILURE (0x80004005) aIID={dab4a2b8-c735-4f08-94fc-9bec84182e2f} aComponent={Host} aText={VirtualBox is not currently allowed to access USB devices.  You can change this by adding your user to the 'vboxusers' group.  Please see the user manual for a more detailed explanation}, preserve=true 
00:11:39.360 nspr-3   ERROR [COM]: aRC=VBOX_E_INVALID_VM_STATE (0x80bb0002) aIID={5eaa9319-62fc-4b0a-843c-0cb1940f8a91} aComponent={Machine} aText={Machine is not locked for session (session state: Unlocked)}, preserve=false
00:11:39.421 nspr-4   WARNING [COM]: aRC=NS_ERROR_FAILURE (0x80004005) aIID={dab4a2b8-c735-4f08-94fc-9bec84182e2f} aComponent={Host} aText={VirtualBox is not currently allowed to access USB devices.  You can change this by adding your user to the 'vboxusers' group.  Please see the user manual for a more detailed explanation}, preserve=true 
00:11:39.470 nspr-4   WARNING [COM]: aRC=NS_ERROR_FAILURE (0x80004005) aIID={dab4a2b8-c735-4f08-94fc-9bec84182e2f} aComponent={Host} aText={VirtualBox is not currently allowed to access USB devices.  You can change this by adding your user to the 'vboxusers' group.  Please see the user manual for a more detailed explanation}, preserve=true 
00:11:39.889 nspr-5   WARNING [COM]: aRC=NS_ERROR_FAILURE (0x80004005) aIID={dab4a2b8-c735-4f08-94fc-9bec84182e2f} aComponent={Host} aText={VirtualBox is not currently allowed to access USB devices.  You can change this by adding your user to the 'vboxusers' group.  Please see the user manual for a more detailed explanation}, preserve=true 
00:11:39.894 nspr-5   WARNING [COM]: aRC=NS_ERROR_FAILURE (0x80004005) aIID={dab4a2b8-c735-4f08-94fc-9bec84182e2f} aComponent={Host} aText={VirtualBox is not currently allowed to access USB devices.  You can change this by adding your user to the 'vboxusers' group.  Please see the user manual for a more detailed explanation}, preserve=true 
00:11:39.906 nspr-4   ERROR [COM]: aRC=VBOX_E_IPRT_ERROR (0x80bb0005) aIID={5eaa9319-62fc-4b0a-843c-0cb1940f8a91} aComponent={SessionMachine} aText={Saved screenshot data is not available (VERR_NOT_SUPPORTED)}, preserve=false
00:11:39.928 nspr-2   WARNING [COM]: aRC=NS_ERROR_FAILURE (0x80004005) aIID={dab4a2b8-c735-4f08-94fc-9bec84182e2f} aComponent={Host} aText={VirtualBox is not currently allowed to access USB devices.  You can change this by adding your user to the 'vboxusers' group.  Please see the user manual for a more detailed explanation}, preserve=true 
00:11:39.952 nspr-4   WARNING [COM]: aRC=NS_ERROR_FAILURE (0x80004005) aIID={dab4a2b8-c735-4f08-94fc-9bec84182e2f} aComponent={Host} aText={VirtualBox is not currently allowed to access USB devices.  You can change this by adding your user to the 'vboxusers' group.  Please see the user manual for a more detailed explanation}, preserve=true 
00:11:40.083 nspr-5   WARNING [COM]: aRC=NS_ERROR_FAILURE (0x80004005) aIID={dab4a2b8-c735-4f08-94fc-9bec84182e2f} aComponent={Host} aText={VirtualBox is not currently allowed to access USB devices.  You can change this by adding your user to the 'vboxusers' group.  Please see the user manual for a more detailed explanation}, preserve=true 
00:11:40.215 nspr-4   WARNING [COM]: aRC=NS_ERROR_FAILURE (0x80004005) aIID={dab4a2b8-c735-4f08-94fc-9bec84182e2f} aComponent={Host} aText={VirtualBox is not currently allowed to access USB devices.  You can change this by adding your user to the 'vboxusers' group.  Please see the user manual for a more detailed explanation}, preserve=true 
00:11:40.532 nspr-5   WARNING [COM]: aRC=NS_ERROR_FAILURE (0x80004005) aIID={dab4a2b8-c735-4f08-94fc-9bec84182e2f} aComponent={Host} aText={VirtualBox is not currently allowed to access USB devices.  You can change this by adding your user to the 'vboxusers' group.  Please see the user manual for a more detailed explanation}, preserve=true 
00:11:41.999 nspr-2   WARNING [COM]: aRC=NS_ERROR_FAILURE (0x80004005) aIID={dab4a2b8-c735-4f08-94fc-9bec84182e2f} aComponent={Host} aText={VirtualBox is not currently allowed to access USB devices.  You can change this by adding your user to the 'vboxusers' group.  Please see the user manual for a more detailed explanation}, preserve=true 
00:11:43.333 nspr-4   WARNING [COM]: aRC=NS_ERROR_FAILURE (0x80004005) aIID={dab4a2b8-c735-4f08-94fc-9bec84182e2f} aComponent={Host} aText={VirtualBox is not currently allowed to access USB devices.  You can change this by adding your user to the 'vboxusers' group.  Please see the user manual for a more detailed explanation}, preserve=true 
00:11:43.408 nspr-5   WARNING [COM]: aRC=NS_ERROR_FAILURE (0x80004005) aIID={dab4a2b8-c735-4f08-94fc-9bec84182e2f} aComponent={Host} aText={VirtualBox is not currently allowed to access USB devices.  You can change this by adding your user to the 'vboxusers' group.  Please see the user manual for a more detailed explanation}, preserve=true 
00:11:43.465 nspr-4   WARNING [COM]: aRC=NS_ERROR_FAILURE (0x80004005) aIID={dab4a2b8-c735-4f08-94fc-9bec84182e2f} aComponent={Host} aText={VirtualBox is not currently allowed to access USB devices.  You can change this by adding your user to the 'vboxusers' group.  Please see the user manual for a more detailed explanation}, preserve=true 
00:11:43.523 nspr-5   WARNING [COM]: aRC=NS_ERROR_FAILURE (0x80004005) aIID={dab4a2b8-c735-4f08-94fc-9bec84182e2f} aComponent={Host} aText={VirtualBox is not currently allowed to access USB devices.  You can change this by adding your user to the 'vboxusers' group.  Please see the user manual for a more detailed explanation}, preserve=true 
00:11:44.012 nspr-5   WARNING [COM]: aRC=NS_ERROR_FAILURE (0x80004005) aIID={dab4a2b8-c735-4f08-94fc-9bec84182e2f} aComponent={Host} aText={VirtualBox is not currently allowed to access USB devices.  You can change this by adding your user to the 'vboxusers' group.  Please see the user manual for a more detailed explanation}, preserve=true 
00:11:44.076 nspr-3   WARNING [COM]: aRC=NS_ERROR_FAILURE (0x80004005) aIID={dab4a2b8-c735-4f08-94fc-9bec84182e2f} aComponent={Host} aText={VirtualBox is not currently allowed to access USB devices.  You can change this by adding your user to the 'vboxusers' group.  Please see the user manual for a more detailed explanation}, preserve=true 
00:11:46.356 nspr-2   WARNING [COM]: aRC=NS_ERROR_FAILURE (0x80004005) aIID={dab4a2b8-c735-4f08-94fc-9bec84182e2f} aComponent={Host} aText={VirtualBox is not currently allowed to access USB devices.  You can change this by adding your user to the 'vboxusers' group.  Please see the user manual for a more detailed explanation}, preserve=true 
00:11:46.426 nspr-5   WARNING [COM]: aRC=NS_ERROR_FAILURE (0x80004005) aIID={dab4a2b8-c735-4f08-94fc-9bec84182e2f} aComponent={Host} aText={VirtualBox is not currently allowed to access USB devices.  You can change this by adding your user to the 'vboxusers' group.  Please see the user manual for a more detailed explanation}, preserve=true 
00:11:46.559 nspr-4   WARNING [COM]: aRC=NS_ERROR_FAILURE (0x80004005) aIID={dab4a2b8-c735-4f08-94fc-9bec84182e2f} aComponent={Host} aText={VirtualBox is not currently allowed to access USB devices.  You can change this by adding your user to the 'vboxusers' group.  Please see the user manual for a more detailed explanation}, preserve=true 
00:11:46.591 nspr-3   WARNING [COM]: aRC=NS_ERROR_FAILURE (0x80004005) aIID={dab4a2b8-c735-4f08-94fc-9bec84182e2f} aComponent={Host} aText={VirtualBox is not currently allowed to access USB devices.  You can change this by adding your user to the 'vboxusers' group.  Please see the user manual for a more detailed explanation}, preserve=true 
00:11:46.655 nspr-4   WARNING [COM]: aRC=NS_ERROR_FAILURE (0x80004005) aIID={dab4a2b8-c735-4f08-94fc-9bec84182e2f} aComponent={Host} aText={VirtualBox is not currently allowed to access USB devices.  You can change this by adding your user to the 'vboxusers' group.  Please see the user manual for a more detailed explanation}, preserve=true 
00:11:46.719 nspr-4   WARNING [COM]: aRC=NS_ERROR_FAILURE (0x80004005) aIID={dab4a2b8-c735-4f08-94fc-9bec84182e2f} aComponent={Host} aText={VirtualBox is not currently allowed to access USB devices.  You can change this by adding your user to the 'vboxusers' group.  Please see the user manual for a more detailed explanation}, preserve=true 
00:11:49.214 nspr-5   WARNING [COM]: aRC=NS_ERROR_FAILURE (0x80004005) aIID={dab4a2b8-c735-4f08-94fc-9bec84182e2f} aComponent={Host} aText={VirtualBox is not currently allowed to access USB devices.  You can change this by adding your user to the 'vboxusers' group.  Please see the user manual for a more detailed explanation}, preserve=true 
00:11:49.276 nspr-3   WARNING [COM]: aRC=NS_ERROR_FAILURE (0x80004005) aIID={dab4a2b8-c735-4f08-94fc-9bec84182e2f} aComponent={Host} aText={VirtualBox is not currently allowed to access USB devices.  You can change this by adding your user to the 'vboxusers' group.  Please see the user manual for a more detailed explanation}, preserve=true 
00:12:13.169 nspr-4   WARNING [COM]: aRC=NS_ERROR_FAILURE (0x80004005) aIID={dab4a2b8-c735-4f08-94fc-9bec84182e2f} aComponent={Host} aText={VirtualBox is not currently allowed to access USB devices.  You can change this by adding your user to the 'vboxusers' group.  Please see the user manual for a more detailed explanation}, preserve=true 
00:12:13.225 nspr-2   WARNING [COM]: aRC=NS_ERROR_FAILURE (0x80004005) aIID={dab4a2b8-c735-4f08-94fc-9bec84182e2f} aComponent={Host} aText={VirtualBox is not currently allowed to access USB devices.  You can change this by adding your user to the 'vboxusers' group.  Please see the user manual for a more detailed explanation}, preserve=true 
00:12:13.378 nspr-2   WARNING [COM]: aRC=NS_ERROR_FAILURE (0x80004005) aIID={dab4a2b8-c735-4f08-94fc-9bec84182e2f} aComponent={Host} aText={VirtualBox is not currently allowed to access USB devices.  You can change this by adding your user to the 'vboxusers' group.  Please see the user manual for a more detailed explanation}, preserve=true 
00:12:13.722 nspr-3   WARNING [COM]: aRC=NS_ERROR_FAILURE (0x80004005) aIID={dab4a2b8-c735-4f08-94fc-9bec84182e2f} aComponent={Host} aText={VirtualBox is not currently allowed to access USB devices.  You can change this by adding your user to the 'vboxusers' group.  Please see the user manual for a more detailed explanation}, preserve=true 
00:12:13.776 nspr-3   WARNING [COM]: aRC=NS_ERROR_FAILURE (0x80004005) aIID={dab4a2b8-c735-4f08-94fc-9bec84182e2f} aComponent={Host} aText={VirtualBox is not currently allowed to access USB devices.  You can change this by adding your user to the 'vboxusers' group.  Please see the user manual for a more detailed explanation}, preserve=true 
00:12:13.909 nspr-4   WARNING [COM]: aRC=NS_ERROR_FAILURE (0x80004005) aIID={dab4a2b8-c735-4f08-94fc-9bec84182e2f} aComponent={Host} aText={VirtualBox is not currently allowed to access USB devices.  You can change this by adding your user to the 'vboxusers' group.  Please see the user manual for a more detailed explanation}, preserve=true 
00:12:13.967 nspr-5   WARNING [COM]: aRC=NS_ERROR_FAILURE (0x80004005) aIID={dab4a2b8-c735-4f08-94fc-9bec84182e2f} aComponent={Host} aText={VirtualBox is not currently allowed to access USB devices.  You can change this by adding your user to the 'vboxusers' group.  Please see the user manual for a more detailed explanation}, preserve=true 
00:12:20.554 main     ERROR [COM]: aRC=VBOX_E_OBJECT_IN_USE (0x80bb000c) aIID={53f9cc0c-e0fd-40a5-a404-a7a5272082cd} aComponent={Medium} aText={Medium '/home/saratt/Documents/cs169/vm-0.8.0-0.8.1.vdi' cannot be closed because it is still attached to 1 virtual machines}, preserve=false
00:12:20.613 Watcher  ERROR [COM]: aRC=E_ACCESSDENIED (0x80070005) aIID={c28be65f-1a8f-43b4-81f1-eb60cb516e66} aComponent={VirtualBox} aText={The object is not ready}, preserve=false
